Using pre-set license
Built from '2020.2/staging' branch; Version is '2020.2.6f1 (8a2143876886) revision 9052483'; Using compiler version '192528614'; Build Type 'Release'
OS: 'Windows 10 Home; OS build 19043.1237; Version 2009; 64bit' Language: 'en' Physical Memory: 7913 MB
BatchMode: 1, IsHumanControllingUs: 0, StartBugReporterOnCrash: 0, Is64bit: 1, IsPro: 0

 COMMAND LINE ARGUMENTS:
C:\Program Files\Unity\Hub\Editor\2020.2.6f1\Editor\Unity.exe
-adb2
-batchMode
-noUpm
-name
AssetImportWorker4
-projectPath
C:/Users/colem/OneDrive/Documents/CSC2034/SenryuGame/Senryu
-logFile
Logs/AssetImportWorker4.log
-srvPort
63172
Successfully changed project path to: C:/Users/colem/OneDrive/Documents/CSC2034/SenryuGame/Senryu
C:/Users/colem/OneDrive/Documents/CSC2034/SenryuGame/Senryu
Using Asset Import Pipeline V2.
Refreshing native plugins compatible for Editor in 122.19 ms, found 0 plugins.
Preloading 0 native plugins for Editor in 0.00 ms.
Initialize engine version: 2020.2.6f1 (8a2143876886)
[Subsystems] Discovering subsystems at path C:/Program Files/Unity/Hub/Editor/2020.2.6f1/Editor/Data/Resources/UnitySubsystems
[Subsystems] Discovering subsystems at path C:/Users/colem/OneDrive/Documents/CSC2034/SenryuGame/Senryu/Assets
GfxDevice: creating device client; threaded=0
Direct3D:
    Version:  Direct3D 11.0 [level 11.1]
    Renderer: Intel(R) HD Graphics 620 (ID=0x5916)
    Vendor:   
    VRAM:     3956 MB
    Driver:   27.20.100.8681
Shader 'Universal Render Pipeline/Particles/Lit': fallback shader 'Universal Render Pipeline/Particles/SimpleLit' not found
Initialize mono
Mono path[0] = 'C:/Program Files/Unity/Hub/Editor/2020.2.6f1/Editor/Data/Managed'
Mono path[1] = 'C:/Program Files/Unity/Hub/Editor/2020.2.6f1/Editor/Data/MonoBleedingEdge/lib/mono/unityjit'
Mono config path = 'C:/Program Files/Unity/Hub/Editor/2020.2.6f1/Editor/Data/MonoBleedingEdge/etc'
Using monoOptions --debugger-agent=transport=dt_socket,embedding=1,server=y,suspend=n,address=127.0.0.1:56684
Begin MonoManager ReloadAssembly
Registering precompiled unity dll's ...
Register platform support module: C:/Program Files/Unity/Hub/Editor/2020.2.6f1/Editor/Data/PlaybackEngines/WebGLSupport/UnityEditor.WebGL.Extensions.dll
Register platform support module: C:/Program Files/Unity/Hub/Editor/2020.2.6f1/Editor/Data/PlaybackEngines/WindowsStandaloneSupport/UnityEditor.WindowsStandalone.Extensions.dll
Registered in 0.008006 seconds.
Native extension for WindowsStandalone target not found
Native extension for WebGL target not found
Refreshing native plugins compatible for Editor in 106.06 ms, found 0 plugins.
Preloading 0 native plugins for Editor in 0.00 ms.
Invoked RoslynAnalysisRunner static constructor.
RoslynAnalysisRunner will not be running.
RoslynAnalysisRunner has terminated.
Mono: successfully reloaded assembly
- Completed reload, in  4.666 seconds
Platform modules already initialized, skipping
Registering precompiled user dll's ...
Registered in 0.002666 seconds.
Begin MonoManager ReloadAssembly
Native extension for WindowsStandalone target not found
Native extension for WebGL target not found
Refreshing native plugins compatible for Editor in 109.44 ms, found 0 plugins.
Preloading 0 native plugins for Editor in 0.00 ms.
Invoked RoslynAnalysisRunner static constructor.
RoslynAnalysisRunner will not be running.
RoslynAnalysisRunner has terminated.
Mono: successfully reloaded assembly
- Completed reload, in  2.258 seconds
Platform modules already initialized, skipping
========================================================================
Worker process is ready to serve import requests
Shader 'Universal Render Pipeline/Particles/Lit': fallback shader 'Universal Render Pipeline/Particles/SimpleLit' not found
Launched and connected shader compiler UnityShaderCompiler.exe after 2.49 seconds
Refreshing native plugins compatible for Editor in 0.92 ms, found 0 plugins.
Preloading 0 native plugins for Editor in 0.00 ms.
Unloading 2524 Unused Serialized files (Serialized files now loaded: 0)
System memory in use before: 122.0 MB.
System memory in use after: 122.1 MB.

Unloading 12 unused Assets to reduce memory usage. Loaded Objects now: 2967.
Total: 5.919900 ms (FindLiveObjects: 0.792700 ms CreateObjectMapping: 0.384200 ms MarkObjects: 4.499400 ms  DeleteObjects: 0.240500 ms)

========================================================================
Received Import Request.
  path: Assets/Models/thirdScene.obj
  artifactKey: Guid(be5413b408af01b4ab45933aefd9c27d) Importer(815301076,1909f56bfc062723c751e8b465ee728b)
Start importing Assets/Models/thirdScene.obj using Guid(be5413b408af01b4ab45933aefd9c27d) Importer(815301076,1909f56bfc062723c751e8b465ee728b)  -> (artifact id: 'fb5ca7657a526dc0d05b3acad1686e1d') in 3.418232 seconds
  Import took 3.429576 seconds .

========================================================================
Received Prepare
Registering precompiled user dll's ...
Registered in 0.002938 seconds.
Begin MonoManager ReloadAssembly
Native extension for WindowsStandalone target not found
Native extension for WebGL target not found
Refreshing native plugins compatible for Editor in 0.63 ms, found 0 plugins.
Preloading 0 native plugins for Editor in 0.00 ms.
Invoked RoslynAnalysisRunner static constructor.
RoslynAnalysisRunner will not be running.
RoslynAnalysisRunner has terminated.
Mono: successfully reloaded assembly
- Completed reload, in  3.114 seconds
Platform modules already initialized, skipping
Shader 'Universal Render Pipeline/Particles/Lit': fallback shader 'Universal Render Pipeline/Particles/SimpleLit' not found
Refreshing native plugins compatible for Editor in 1.48 ms, found 0 plugins.
Preloading 0 native plugins for Editor in 0.00 ms.
Unloading 2400 Unused Serialized files (Serialized files now loaded: 0)
System memory in use before: 120.6 MB.
System memory in use after: 120.8 MB.

Unloading 7 unused Assets to reduce memory usage. Loaded Objects now: 3050.
Total: 5.551200 ms (FindLiveObjects: 0.605100 ms CreateObjectMapping: 0.386500 ms MarkObjects: 3.951200 ms  DeleteObjects: 0.126900 ms)

========================================================================
Received Import Request.
  Time since last request: 432.610558 seconds.
  path: Assets/Models/ParkMan.obj
  artifactKey: Guid(724c45c4c74886148830c0b9e4471e6a) Importer(815301076,1909f56bfc062723c751e8b465ee728b)
Start importing Assets/Models/ParkMan.obj using Guid(724c45c4c74886148830c0b9e4471e6a) Importer(815301076,1909f56bfc062723c751e8b465ee728b)  -> (artifact id: 'cc12dff63ba8ba2fb01030a572efd261') in 1.841547 seconds
  Import took 1.919117 seconds .

========================================================================
Received Prepare
Registering precompiled user dll's ...
Registered in 0.002139 seconds.
Begin MonoManager ReloadAssembly
Native extension for WindowsStandalone target not found
Native extension for WebGL target not found
Refreshing native plugins compatible for Editor in 1.23 ms, found 0 plugins.
Preloading 0 native plugins for Editor in 0.00 ms.
Invoked RoslynAnalysisRunner static constructor.
RoslynAnalysisRunner will not be running.
RoslynAnalysisRunner has terminated.
Mono: successfully reloaded assembly
- Completed reload, in  2.141 seconds
Platform modules already initialized, skipping
Shader 'Universal Render Pipeline/Particles/Lit': fallback shader 'Universal Render Pipeline/Particles/SimpleLit' not found
Refreshing native plugins compatible for Editor in 0.58 ms, found 0 plugins.
Preloading 0 native plugins for Editor in 0.00 ms.
Unloading 2400 Unused Serialized files (Serialized files now loaded: 0)
System memory in use before: 120.8 MB.
System memory in use after: 120.9 MB.

Unloading 7 unused Assets to reduce memory usage. Loaded Objects now: 3088.
Total: 6.234800 ms (FindLiveObjects: 0.854600 ms CreateObjectMapping: 0.346300 ms MarkObjects: 4.884100 ms  DeleteObjects: 0.146400 ms)

========================================================================
Received Import Request.
  Time since last request: 430.481776 seconds.
  path: Assets/Animations/ParkMan.controller
  artifactKey: Guid(e115d1ddee9fc954a8575111fd65f544) Importer(815301076,1909f56bfc062723c751e8b465ee728b)
Start importing Assets/Animations/ParkMan.controller using Guid(e115d1ddee9fc954a8575111fd65f544) Importer(815301076,1909f56bfc062723c751e8b465ee728b)  -> (artifact id: '5d097708bea492a9bccfdecffba63760') in 0.083368 seconds
  Import took 0.092177 seconds .

========================================================================
Received Import Request.
  Time since last request: 127.014717 seconds.
  path: Assets/Models/ParkMan_real.fbx
  artifactKey: Guid(6cdae6b617a9f554e87864a2f0f5f970) Importer(815301076,1909f56bfc062723c751e8b465ee728b)
Start importing Assets/Models/ParkMan_real.fbx using Guid(6cdae6b617a9f554e87864a2f0f5f970) Importer(815301076,1909f56bfc062723c751e8b465ee728b)  -> (artifact id: '6e45aec9f14212fa544b4d95f6e0c042') in 0.894451 seconds
  Import took 0.907846 seconds .

========================================================================
Received Import Request.
  Time since last request: 66.235927 seconds.
  path: Assets/Models/ParkMan_real.fbx
  artifactKey: Guid(6cdae6b617a9f554e87864a2f0f5f970) Importer(815301076,1909f56bfc062723c751e8b465ee728b)
Start importing Assets/Models/ParkMan_real.fbx using Guid(6cdae6b617a9f554e87864a2f0f5f970) Importer(815301076,1909f56bfc062723c751e8b465ee728b)  -> (artifact id: '0084c34f3ff4a225de0c3099f595ba7c') in 0.336581 seconds
  Import took 0.362784 seconds .

========================================================================
Received Import Request.
  Time since last request: 14.382592 seconds.
  path: Assets/Models/ParkMan_real.fbx
  artifactKey: Guid(6cdae6b617a9f554e87864a2f0f5f970) Importer(815301076,1909f56bfc062723c751e8b465ee728b)
Start importing Assets/Models/ParkMan_real.fbx using Guid(6cdae6b617a9f554e87864a2f0f5f970) Importer(815301076,1909f56bfc062723c751e8b465ee728b)  -> (artifact id: 'c64ade758f748e0ab0e96f7cf390d435') in 0.565047 seconds
  Import took 0.576222 seconds .

========================================================================
Received Import Request.
  Time since last request: 10.142131 seconds.
  path: Assets/Models/ParkMan_real.fbx
  artifactKey: Guid(6cdae6b617a9f554e87864a2f0f5f970) Importer(815301076,1909f56bfc062723c751e8b465ee728b)
Start importing Assets/Models/ParkMan_real.fbx using Guid(6cdae6b617a9f554e87864a2f0f5f970) Importer(815301076,1909f56bfc062723c751e8b465ee728b)  -> (artifact id: 'c64ade758f748e0ab0e96f7cf390d435') in 9.052387 seconds
  Import took 9.088062 seconds .

========================================================================
Received Prepare
Registering precompiled user dll's ...
Registered in 0.002380 seconds.
Begin MonoManager ReloadAssembly
Native extension for WindowsStandalone target not found
Native extension for WebGL target not found
Refreshing native plugins compatible for Editor in 0.97 ms, found 0 plugins.
Preloading 0 native plugins for Editor in 0.00 ms.
Invoked RoslynAnalysisRunner static constructor.
RoslynAnalysisRunner will not be running.
RoslynAnalysisRunner has terminated.
Mono: successfully reloaded assembly
- Completed reload, in  6.882 seconds
Platform modules already initialized, skipping
Shader 'Universal Render Pipeline/Particles/Lit': fallback shader 'Universal Render Pipeline/Particles/SimpleLit' not found
Refreshing native plugins compatible for Editor in 4.84 ms, found 0 plugins.
Preloading 0 native plugins for Editor in 0.00 ms.
Unloading 2400 Unused Serialized files (Serialized files now loaded: 0)
System memory in use before: 121.0 MB.
System memory in use after: 121.2 MB.

Unloading 7 unused Assets to reduce memory usage. Loaded Objects now: 3126.
Total: 39.668000 ms (FindLiveObjects: 1.454800 ms CreateObjectMapping: 2.992900 ms MarkObjects: 35.077900 ms  DeleteObjects: 0.138000 ms)

========================================================================
Received Prepare
Registering precompiled user dll's ...
Registered in 0.005289 seconds.
Begin MonoManager ReloadAssembly
Native extension for WindowsStandalone target not found
Native extension for WebGL target not found
Refreshing native plugins compatible for Editor in 0.99 ms, found 0 plugins.
Preloading 0 native plugins for Editor in 0.00 ms.
Invoked RoslynAnalysisRunner static constructor.
RoslynAnalysisRunner will not be running.
RoslynAnalysisRunner has terminated.
Mono: successfully reloaded assembly
- Completed reload, in 10.935 seconds
Platform modules already initialized, skipping
Shader 'Universal Render Pipeline/Particles/Lit': fallback shader 'Universal Render Pipeline/Particles/SimpleLit' not found
Refreshing native plugins compatible for Editor in 7.28 ms, found 0 plugins.
Preloading 0 native plugins for Editor in 0.00 ms.
Unloading 2400 Unused Serialized files (Serialized files now loaded: 0)
System memory in use before: 121.0 MB.
System memory in use after: 121.2 MB.

Unloading 7 unused Assets to reduce memory usage. Loaded Objects now: 3128.
Total: 57.953300 ms (FindLiveObjects: 7.947100 ms CreateObjectMapping: 7.677600 ms MarkObjects: 41.060200 ms  DeleteObjects: 1.260900 ms)

========================================================================
Received Prepare
Registering precompiled user dll's ...
Registered in 0.005893 seconds.
Begin MonoManager ReloadAssembly
Native extension for WindowsStandalone target not found
Native extension for WebGL target not found
Refreshing native plugins compatible for Editor in 1.70 ms, found 0 plugins.
Preloading 0 native plugins for Editor in 0.00 ms.
Invoked RoslynAnalysisRunner static constructor.
RoslynAnalysisRunner will not be running.
RoslynAnalysisRunner has terminated.
Mono: successfully reloaded assembly
- Completed reload, in  6.002 seconds
Platform modules already initialized, skipping
Shader 'Universal Render Pipeline/Particles/Lit': fallback shader 'Universal Render Pipeline/Particles/SimpleLit' not found
Refreshing native plugins compatible for Editor in 0.95 ms, found 0 plugins.
Preloading 0 native plugins for Editor in 0.00 ms.
Unloading 2400 Unused Serialized files (Serialized files now loaded: 0)
System memory in use before: 121.0 MB.
System memory in use after: 121.1 MB.

Unloading 7 unused Assets to reduce memory usage. Loaded Objects now: 3130.
Total: 7.073200 ms (FindLiveObjects: 0.878900 ms CreateObjectMapping: 0.479400 ms MarkObjects: 5.507100 ms  DeleteObjects: 0.180300 ms)

