Using pre-set license
Built from '2020.2/staging' branch; Version is '2020.2.6f1 (8a2143876886) revision 9052483'; Using compiler version '192528614'; Build Type 'Release'
OS: 'Windows 10 Home; OS build 19043.1237; Version 2009; 64bit' Language: 'en' Physical Memory: 7913 MB
BatchMode: 1, IsHumanControllingUs: 0, StartBugReporterOnCrash: 0, Is64bit: 1, IsPro: 0

 COMMAND LINE ARGUMENTS:
C:\Program Files\Unity\Hub\Editor\2020.2.6f1\Editor\Unity.exe
-adb2
-batchMode
-noUpm
-name
AssetImportWorker1
-projectPath
C:/Users/colem/OneDrive/Documents/CSC2034/SenryuGame/Senryu
-logFile
Logs/AssetImportWorker1.log
-srvPort
53841
Successfully changed project path to: C:/Users/colem/OneDrive/Documents/CSC2034/SenryuGame/Senryu
C:/Users/colem/OneDrive/Documents/CSC2034/SenryuGame/Senryu
Using Asset Import Pipeline V2.
Refreshing native plugins compatible for Editor in 355.03 ms, found 0 plugins.
Preloading 0 native plugins for Editor in 0.00 ms.
Initialize engine version: 2020.2.6f1 (8a2143876886)
[Subsystems] Discovering subsystems at path C:/Program Files/Unity/Hub/Editor/2020.2.6f1/Editor/Data/Resources/UnitySubsystems
[Subsystems] Discovering subsystems at path C:/Users/colem/OneDrive/Documents/CSC2034/SenryuGame/Senryu/Assets
GfxDevice: creating device client; threaded=0
Direct3D:
    Version:  Direct3D 11.0 [level 11.1]
    Renderer: Intel(R) HD Graphics 620 (ID=0x5916)
    Vendor:   
    VRAM:     3956 MB
    Driver:   27.20.100.8681
Shader 'Universal Render Pipeline/Particles/Lit': fallback shader 'Universal Render Pipeline/Particles/SimpleLit' not found
Initialize mono
Mono path[0] = 'C:/Program Files/Unity/Hub/Editor/2020.2.6f1/Editor/Data/Managed'
Mono path[1] = 'C:/Program Files/Unity/Hub/Editor/2020.2.6f1/Editor/Data/MonoBleedingEdge/lib/mono/unityjit'
Mono config path = 'C:/Program Files/Unity/Hub/Editor/2020.2.6f1/Editor/Data/MonoBleedingEdge/etc'
Using monoOptions --debugger-agent=transport=dt_socket,embedding=1,server=y,suspend=n,address=127.0.0.1:56692
Begin MonoManager ReloadAssembly
Registering precompiled unity dll's ...
Register platform support module: C:/Program Files/Unity/Hub/Editor/2020.2.6f1/Editor/Data/PlaybackEngines/WebGLSupport/UnityEditor.WebGL.Extensions.dll
Register platform support module: C:/Program Files/Unity/Hub/Editor/2020.2.6f1/Editor/Data/PlaybackEngines/WindowsStandaloneSupport/UnityEditor.WindowsStandalone.Extensions.dll
Registered in 0.009896 seconds.
Native extension for WindowsStandalone target not found
Native extension for WebGL target not found
Refreshing native plugins compatible for Editor in 115.93 ms, found 0 plugins.
Preloading 0 native plugins for Editor in 0.00 ms.
Invoked RoslynAnalysisRunner static constructor.
RoslynAnalysisRunner will not be running.
RoslynAnalysisRunner has terminated.
Mono: successfully reloaded assembly
- Completed reload, in  7.314 seconds
Platform modules already initialized, skipping
Registering precompiled user dll's ...
Registered in 0.002650 seconds.
Begin MonoManager ReloadAssembly
Native extension for WindowsStandalone target not found
Native extension for WebGL target not found
Refreshing native plugins compatible for Editor in 129.62 ms, found 0 plugins.
Preloading 0 native plugins for Editor in 0.00 ms.
Invoked RoslynAnalysisRunner static constructor.
RoslynAnalysisRunner will not be running.
RoslynAnalysisRunner has terminated.
Mono: successfully reloaded assembly
- Completed reload, in  3.543 seconds
Platform modules already initialized, skipping
========================================================================
Worker process is ready to serve import requests
Shader 'Universal Render Pipeline/Particles/Lit': fallback shader 'Universal Render Pipeline/Particles/SimpleLit' not found
Launched and connected shader compiler UnityShaderCompiler.exe after 4.80 seconds
Refreshing native plugins compatible for Editor in 1.06 ms, found 0 plugins.
Preloading 0 native plugins for Editor in 0.00 ms.
Unloading 2524 Unused Serialized files (Serialized files now loaded: 0)
System memory in use before: 122.1 MB.
System memory in use after: 122.2 MB.

Unloading 12 unused Assets to reduce memory usage. Loaded Objects now: 2967.
Total: 7.542600 ms (FindLiveObjects: 0.740100 ms CreateObjectMapping: 0.408500 ms MarkObjects: 6.083000 ms  DeleteObjects: 0.307400 ms)

========================================================================
Received Import Request.
  path: Assets/Models/senryuNights.png
  artifactKey: Guid(14acd16a3d5ada344a961075751a710b) Importer(815301076,1909f56bfc062723c751e8b465ee728b)
Start importing Assets/Models/senryuNights.png using Guid(14acd16a3d5ada344a961075751a710b) Importer(815301076,1909f56bfc062723c751e8b465ee728b)  -> (artifact id: 'f0b8777f636c4a705e283a0581ea9803') in 1.869595 seconds
  Import took 1.915572 seconds .

========================================================================
Received Prepare
Shader 'Universal Render Pipeline/Particles/Lit': fallback shader 'Universal Render Pipeline/Particles/SimpleLit' not found
Refreshing native plugins compatible for Editor in 10.49 ms, found 0 plugins.
Preloading 0 native plugins for Editor in 0.00 ms.
Unloading 5 Unused Serialized files (Serialized files now loaded: 0)
System memory in use before: 67.6 MB.
System memory in use after: 67.7 MB.

Unloading 5 unused Assets to reduce memory usage. Loaded Objects now: 2969.
Total: 16.495500 ms (FindLiveObjects: 1.719000 ms CreateObjectMapping: 0.792800 ms MarkObjects: 13.649600 ms  DeleteObjects: 0.320600 ms)

========================================================================
Received Import Request.
  Time since last request: 37.596942 seconds.
  path: Assets/Models/lowPolyMan.blend1
  artifactKey: Guid(7d792c6b6e77d114a9bb7c4ca2f40a49) Importer(815301076,1909f56bfc062723c751e8b465ee728b)
Start importing Assets/Models/lowPolyMan.blend1 using Guid(7d792c6b6e77d114a9bb7c4ca2f40a49) Importer(815301076,1909f56bfc062723c751e8b465ee728b)  -> (artifact id: 'ea372f8f89baaa14f187dee78cb3cc27') in 0.054192 seconds
  Import took 0.064361 seconds .

