Using pre-set license
Built from '2020.2/staging' branch; Version is '2020.2.6f1 (8a2143876886) revision 9052483'; Using compiler version '192528614'; Build Type 'Release'
OS: 'Windows 10 Home; OS build 19043.1165; Version 2009; 64bit' Language: 'en' Physical Memory: 7913 MB
BatchMode: 1, IsHumanControllingUs: 0, StartBugReporterOnCrash: 0, Is64bit: 1, IsPro: 0

 COMMAND LINE ARGUMENTS:
C:\Program Files\Unity\Hub\Editor\2020.2.6f1\Editor\Unity.exe
-adb2
-batchMode
-noUpm
-name
AssetImportWorker0
-projectPath
C:/Users/colem/OneDrive/Documents/CSC2034/SenryuGame/Senryu
-logFile
Logs/AssetImportWorker0.log
-srvPort
61545
Successfully changed project path to: C:/Users/colem/OneDrive/Documents/CSC2034/SenryuGame/Senryu
C:/Users/colem/OneDrive/Documents/CSC2034/SenryuGame/Senryu
Using Asset Import Pipeline V2.
Refreshing native plugins compatible for Editor in 84.26 ms, found 0 plugins.
Preloading 0 native plugins for Editor in 0.00 ms.
Initialize engine version: 2020.2.6f1 (8a2143876886)
[Subsystems] Discovering subsystems at path C:/Program Files/Unity/Hub/Editor/2020.2.6f1/Editor/Data/Resources/UnitySubsystems
[Subsystems] Discovering subsystems at path C:/Users/colem/OneDrive/Documents/CSC2034/SenryuGame/Senryu/Assets
GfxDevice: creating device client; threaded=0
Direct3D:
    Version:  Direct3D 11.0 [level 11.1]
    Renderer: Intel(R) HD Graphics 620 (ID=0x5916)
    Vendor:   
    VRAM:     3956 MB
    Driver:   27.20.100.8681
Shader 'Universal Render Pipeline/Particles/Lit': fallback shader 'Universal Render Pipeline/Particles/SimpleLit' not found
Initialize mono
Mono path[0] = 'C:/Program Files/Unity/Hub/Editor/2020.2.6f1/Editor/Data/Managed'
Mono path[1] = 'C:/Program Files/Unity/Hub/Editor/2020.2.6f1/Editor/Data/MonoBleedingEdge/lib/mono/unityjit'
Mono config path = 'C:/Program Files/Unity/Hub/Editor/2020.2.6f1/Editor/Data/MonoBleedingEdge/etc'
Using monoOptions --debugger-agent=transport=dt_socket,embedding=1,server=y,suspend=n,address=127.0.0.1:56004
Begin MonoManager ReloadAssembly
Registering precompiled unity dll's ...
Register platform support module: C:/Program Files/Unity/Hub/Editor/2020.2.6f1/Editor/Data/PlaybackEngines/WebGLSupport/UnityEditor.WebGL.Extensions.dll
Register platform support module: C:/Program Files/Unity/Hub/Editor/2020.2.6f1/Editor/Data/PlaybackEngines/WindowsStandaloneSupport/UnityEditor.WindowsStandalone.Extensions.dll
Registered in 0.005300 seconds.
Native extension for WindowsStandalone target not found
Native extension for WebGL target not found
Refreshing native plugins compatible for Editor in 103.76 ms, found 0 plugins.
Preloading 0 native plugins for Editor in 0.00 ms.
Invoked RoslynAnalysisRunner static constructor.
RoslynAnalysisRunner will not be running.
RoslynAnalysisRunner has terminated.
Mono: successfully reloaded assembly
- Completed reload, in  2.554 seconds
Platform modules already initialized, skipping
Registering precompiled user dll's ...
Registered in 0.002638 seconds.
Begin MonoManager ReloadAssembly
Native extension for WindowsStandalone target not found
Native extension for WebGL target not found
Refreshing native plugins compatible for Editor in 73.14 ms, found 0 plugins.
Preloading 0 native plugins for Editor in 0.00 ms.
Invoked RoslynAnalysisRunner static constructor.
RoslynAnalysisRunner will not be running.
RoslynAnalysisRunner has terminated.
Mono: successfully reloaded assembly
- Completed reload, in  1.857 seconds
Platform modules already initialized, skipping
========================================================================
Worker process is ready to serve import requests
Shader 'Universal Render Pipeline/Particles/Lit': fallback shader 'Universal Render Pipeline/Particles/SimpleLit' not found
Launched and connected shader compiler UnityShaderCompiler.exe after 0.13 seconds
Refreshing native plugins compatible for Editor in 1.00 ms, found 0 plugins.
Preloading 0 native plugins for Editor in 0.00 ms.
Unloading 2515 Unused Serialized files (Serialized files now loaded: 0)
System memory in use before: 120.9 MB.
System memory in use after: 121.1 MB.

Unloading 12 unused Assets to reduce memory usage. Loaded Objects now: 2957.
Total: 4.833200 ms (FindLiveObjects: 0.624800 ms CreateObjectMapping: 0.316300 ms MarkObjects: 3.742900 ms  DeleteObjects: 0.145800 ms)

========================================================================
Received Import Request.
  path: Assets/Models/JustBookCase.blend
  artifactKey: Guid(673300dc5fae9e14ea3618e983d750b7) Importer(815301076,1909f56bfc062723c751e8b465ee728b)
Start importing Assets/Models/JustBookCase.blend using Guid(673300dc5fae9e14ea3618e983d750b7) Importer(815301076,1909f56bfc062723c751e8b465ee728b)  -> (artifact id: 'e1f643db2f66f50953d94522bb4b21c3') in 3.590236 seconds
  Import took 3.599886 seconds .

========================================================================
Received Import Request.
  Time since last request: 979.913079 seconds.
  path: Assets/Models/JustBookCase.blend
  artifactKey: Guid(673300dc5fae9e14ea3618e983d750b7) Importer(815301076,1909f56bfc062723c751e8b465ee728b)
Start importing Assets/Models/JustBookCase.blend using Guid(673300dc5fae9e14ea3618e983d750b7) Importer(815301076,1909f56bfc062723c751e8b465ee728b)  -> (artifact id: '4621c56fd438b1ff062f11e99615aff4') in 0.051677 seconds
  Import took 0.068681 seconds .

========================================================================
Received Import Request.
  Time since last request: 117.034597 seconds.
  path: Assets/Models/train.obj
  artifactKey: Guid(cebf3536a6051f84d92ddbfa4c1acd7a) Importer(815301076,1909f56bfc062723c751e8b465ee728b)
Start importing Assets/Models/train.obj using Guid(cebf3536a6051f84d92ddbfa4c1acd7a) Importer(815301076,1909f56bfc062723c751e8b465ee728b)  -> (artifact id: '54af4b13c37fcf783c6144648e96b30f') in 2.049406 seconds
  Import took 2.066335 seconds .

========================================================================
Received Prepare
Registering precompiled user dll's ...
Registered in 0.008491 seconds.
Begin MonoManager ReloadAssembly
Native extension for WindowsStandalone target not found
Native extension for WebGL target not found
Refreshing native plugins compatible for Editor in 2.46 ms, found 0 plugins.
Preloading 0 native plugins for Editor in 0.00 ms.
Invoked RoslynAnalysisRunner static constructor.
RoslynAnalysisRunner will not be running.
RoslynAnalysisRunner has terminated.
