Using pre-set license
Built from '2020.2/staging' branch; Version is '2020.2.6f1 (8a2143876886) revision 9052483'; Using compiler version '192528614'; Build Type 'Release'
OS: 'Windows 10 Home; OS build 19043.1237; Version 2009; 64bit' Language: 'en' Physical Memory: 7913 MB
BatchMode: 1, IsHumanControllingUs: 0, StartBugReporterOnCrash: 0, Is64bit: 1, IsPro: 0

 COMMAND LINE ARGUMENTS:
C:\Program Files\Unity\Hub\Editor\2020.2.6f1\Editor\Unity.exe
-adb2
-batchMode
-noUpm
-name
AssetImportWorker15
-projectPath
C:/Users/colem/OneDrive/Documents/CSC2034/SenryuGame/Senryu
-logFile
Logs/AssetImportWorker15.log
-srvPort
62423
Successfully changed project path to: C:/Users/colem/OneDrive/Documents/CSC2034/SenryuGame/Senryu
C:/Users/colem/OneDrive/Documents/CSC2034/SenryuGame/Senryu
Using Asset Import Pipeline V2.
Refreshing native plugins compatible for Editor in 500.74 ms, found 0 plugins.
Preloading 0 native plugins for Editor in 0.00 ms.
Initialize engine version: 2020.2.6f1 (8a2143876886)
[Subsystems] Discovering subsystems at path C:/Program Files/Unity/Hub/Editor/2020.2.6f1/Editor/Data/Resources/UnitySubsystems
[Subsystems] Discovering subsystems at path C:/Users/colem/OneDrive/Documents/CSC2034/SenryuGame/Senryu/Assets
GfxDevice: creating device client; threaded=0
Direct3D:
    Version:  Direct3D 11.0 [level 11.1]
    Renderer: Intel(R) HD Graphics 620 (ID=0x5916)
    Vendor:   
    VRAM:     3956 MB
    Driver:   27.20.100.8681
Shader 'Universal Render Pipeline/Particles/Lit': fallback shader 'Universal Render Pipeline/Particles/SimpleLit' not found
Initialize mono
Mono path[0] = 'C:/Program Files/Unity/Hub/Editor/2020.2.6f1/Editor/Data/Managed'
Mono path[1] = 'C:/Program Files/Unity/Hub/Editor/2020.2.6f1/Editor/Data/MonoBleedingEdge/lib/mono/unityjit'
Mono config path = 'C:/Program Files/Unity/Hub/Editor/2020.2.6f1/Editor/Data/MonoBleedingEdge/etc'
Using monoOptions --debugger-agent=transport=dt_socket,embedding=1,server=y,suspend=n,address=127.0.0.1:56764
Begin MonoManager ReloadAssembly
Registering precompiled unity dll's ...
Register platform support module: C:/Program Files/Unity/Hub/Editor/2020.2.6f1/Editor/Data/PlaybackEngines/WebGLSupport/UnityEditor.WebGL.Extensions.dll
Register platform support module: C:/Program Files/Unity/Hub/Editor/2020.2.6f1/Editor/Data/PlaybackEngines/WindowsStandaloneSupport/UnityEditor.WindowsStandalone.Extensions.dll
Registered in 0.025681 seconds.
Native extension for WindowsStandalone target not found
Native extension for WebGL target not found
Refreshing native plugins compatible for Editor in 585.15 ms, found 0 plugins.
Preloading 0 native plugins for Editor in 0.00 ms.
Invoked RoslynAnalysisRunner static constructor.
RoslynAnalysisRunner will not be running.
RoslynAnalysisRunner has terminated.
Mono: successfully reloaded assembly
- Completed reload, in 16.194 seconds
Platform modules already initialized, skipping
Registering precompiled user dll's ...
Registered in 0.004698 seconds.
Begin MonoManager ReloadAssembly
Native extension for WindowsStandalone target not found
Native extension for WebGL target not found
Refreshing native plugins compatible for Editor in 72.34 ms, found 0 plugins.
Preloading 0 native plugins for Editor in 0.00 ms.
Invoked RoslynAnalysisRunner static constructor.
RoslynAnalysisRunner will not be running.
RoslynAnalysisRunner has terminated.
Mono: successfully reloaded assembly
- Completed reload, in  1.819 seconds
Platform modules already initialized, skipping
========================================================================
Worker process is ready to serve import requests
Shader 'Universal Render Pipeline/Particles/Lit': fallback shader 'Universal Render Pipeline/Particles/SimpleLit' not found
Launched and connected shader compiler UnityShaderCompiler.exe after 0.11 seconds
Refreshing native plugins compatible for Editor in 0.79 ms, found 0 plugins.
Preloading 0 native plugins for Editor in 0.00 ms.
Unloading 2516 Unused Serialized files (Serialized files now loaded: 0)
System memory in use before: 121.5 MB.
System memory in use after: 121.7 MB.

Unloading 12 unused Assets to reduce memory usage. Loaded Objects now: 2959.
Total: 4.941300 ms (FindLiveObjects: 0.570100 ms CreateObjectMapping: 0.315600 ms MarkObjects: 3.853700 ms  DeleteObjects: 0.198700 ms)

========================================================================
Received Prepare
Registering precompiled user dll's ...
Registered in 0.004449 seconds.
Begin MonoManager ReloadAssembly
Native extension for WindowsStandalone target not found
Native extension for WebGL target not found
Refreshing native plugins compatible for Editor in 0.82 ms, found 0 plugins.
Preloading 0 native plugins for Editor in 0.00 ms.
Invoked RoslynAnalysisRunner static constructor.
RoslynAnalysisRunner will not be running.
RoslynAnalysisRunner has terminated.
Mono: successfully reloaded assembly
- Completed reload, in  2.095 seconds
Platform modules already initialized, skipping
Shader 'Universal Render Pipeline/Particles/Lit': fallback shader 'Universal Render Pipeline/Particles/SimpleLit' not found
Refreshing native plugins compatible for Editor in 2.66 ms, found 0 plugins.
Preloading 0 native plugins for Editor in 0.00 ms.
Unloading 2392 Unused Serialized files (Serialized files now loaded: 0)
System memory in use before: 114.5 MB.
System memory in use after: 114.7 MB.

Unloading 7 unused Assets to reduce memory usage. Loaded Objects now: 2961.
Total: 8.951600 ms (FindLiveObjects: 2.328000 ms CreateObjectMapping: 0.996300 ms MarkObjects: 5.522000 ms  DeleteObjects: 0.102000 ms)

========================================================================
Received Import Request.
  path: Assets/Music/mixkit-heavy-rain-drops-2399.wav
  artifactKey: Guid(5eb42b824b77a554fa922bc5b605bc14) Importer(815301076,1909f56bfc062723c751e8b465ee728b)
Start importing Assets/Music/mixkit-heavy-rain-drops-2399.wav using Guid(5eb42b824b77a554fa922bc5b605bc14) Importer(815301076,1909f56bfc062723c751e8b465ee728b)  -> (artifact id: '11c66ad4288aa6665779ca09c5d8cf8b') in 0.292713 seconds
  Import took 0.309498 seconds .

========================================================================
Received Import Request.
  Time since last request: 65.985191 seconds.
  path: Assets/Scripts/GameManager.cs
  artifactKey: Guid(2267ceb1586dbdf448222133c3ce9407) Importer(815301076,1909f56bfc062723c751e8b465ee728b)
Start importing Assets/Scripts/GameManager.cs using Guid(2267ceb1586dbdf448222133c3ce9407) Importer(815301076,1909f56bfc062723c751e8b465ee728b)  -> (artifact id: '502beddb9f17933eb32195066d395f80') in 0.055289 seconds
  Import took 0.069107 seconds .

========================================================================
Received Import Request.
  Time since last request: 76.556764 seconds.
  path: Assets/Scripts/MainMenu.cs
  artifactKey: Guid(547e816476e51544281abb6d0b133706) Importer(815301076,1909f56bfc062723c751e8b465ee728b)
Start importing Assets/Scripts/MainMenu.cs using Guid(547e816476e51544281abb6d0b133706) Importer(815301076,1909f56bfc062723c751e8b465ee728b)  -> (artifact id: 'b120b59b130b0f12723e870bf8049889') in 0.164206 seconds
  Import took 0.177893 seconds .

========================================================================
Received Prepare
Registering precompiled user dll's ...
Registered in 0.003246 seconds.
Begin MonoManager ReloadAssembly
Native extension for WindowsStandalone target not found
Native extension for WebGL target not found
Refreshing native plugins compatible for Editor in 0.56 ms, found 0 plugins.
Preloading 0 native plugins for Editor in 0.00 ms.
Invoked RoslynAnalysisRunner static constructor.
RoslynAnalysisRunner will not be running.
RoslynAnalysisRunner has terminated.
Mono: successfully reloaded assembly
- Completed reload, in  1.849 seconds
Platform modules already initialized, skipping
Shader 'Universal Render Pipeline/Particles/Lit': fallback shader 'Universal Render Pipeline/Particles/SimpleLit' not found
Refreshing native plugins compatible for Editor in 0.81 ms, found 0 plugins.
Preloading 0 native plugins for Editor in 0.00 ms.
Unloading 2392 Unused Serialized files (Serialized files now loaded: 0)
System memory in use before: 117.6 MB.
System memory in use after: 117.8 MB.

Unloading 7 unused Assets to reduce memory usage. Loaded Objects now: 2972.
Total: 7.114100 ms (FindLiveObjects: 0.992000 ms CreateObjectMapping: 0.537000 ms MarkObjects: 4.979900 ms  DeleteObjects: 0.602500 ms)

========================================================================
Received Import Request.
  Time since last request: 111.240006 seconds.
  path: Assets/Scripts/MainMenu.cs
  artifactKey: Guid(547e816476e51544281abb6d0b133706) Importer(815301076,1909f56bfc062723c751e8b465ee728b)
Start importing Assets/Scripts/MainMenu.cs using Guid(547e816476e51544281abb6d0b133706) Importer(815301076,1909f56bfc062723c751e8b465ee728b)  -> (artifact id: '3d46cf2992efcbfed273cbed9314dc79') in 0.025173 seconds
  Import took 0.035818 seconds .

========================================================================
Received Prepare
Registering precompiled user dll's ...
Registered in 0.003948 seconds.
Begin MonoManager ReloadAssembly
Native extension for WindowsStandalone target not found
Native extension for WebGL target not found
Refreshing native plugins compatible for Editor in 0.83 ms, found 0 plugins.
Preloading 0 native plugins for Editor in 0.00 ms.
Invoked RoslynAnalysisRunner static constructor.
RoslynAnalysisRunner will not be running.
RoslynAnalysisRunner has terminated.
Mono: successfully reloaded assembly
- Completed reload, in  2.680 seconds
Platform modules already initialized, skipping
Shader 'Universal Render Pipeline/Particles/Lit': fallback shader 'Universal Render Pipeline/Particles/SimpleLit' not found
Refreshing native plugins compatible for Editor in 0.93 ms, found 0 plugins.
Preloading 0 native plugins for Editor in 0.00 ms.
Unloading 2392 Unused Serialized files (Serialized files now loaded: 0)
System memory in use before: 117.6 MB.
System memory in use after: 117.8 MB.

Unloading 7 unused Assets to reduce memory usage. Loaded Objects now: 2974.
Total: 7.812400 ms (FindLiveObjects: 0.737600 ms CreateObjectMapping: 0.652000 ms MarkObjects: 5.600800 ms  DeleteObjects: 0.819200 ms)

========================================================================
Received Prepare
Registering precompiled user dll's ...
Registered in 0.003128 seconds.
Begin MonoManager ReloadAssembly
Native extension for WindowsStandalone target not found
Native extension for WebGL target not found
Refreshing native plugins compatible for Editor in 0.89 ms, found 0 plugins.
Preloading 0 native plugins for Editor in 0.00 ms.
Invoked RoslynAnalysisRunner static constructor.
RoslynAnalysisRunner will not be running.
RoslynAnalysisRunner has terminated.
Mono: successfully reloaded assembly
- Completed reload, in  1.996 seconds
Platform modules already initialized, skipping
Shader 'Universal Render Pipeline/Particles/Lit': fallback shader 'Universal Render Pipeline/Particles/SimpleLit' not found
Refreshing native plugins compatible for Editor in 0.51 ms, found 0 plugins.
Preloading 0 native plugins for Editor in 0.00 ms.
Unloading 2392 Unused Serialized files (Serialized files now loaded: 0)
System memory in use before: 117.6 MB.
System memory in use after: 117.8 MB.

Unloading 7 unused Assets to reduce memory usage. Loaded Objects now: 2976.
Total: 12.100300 ms (FindLiveObjects: 3.042400 ms CreateObjectMapping: 0.741800 ms MarkObjects: 8.178700 ms  DeleteObjects: 0.135000 ms)

========================================================================
Received Prepare
Registering precompiled user dll's ...
Registered in 0.004689 seconds.
Begin MonoManager ReloadAssembly
Native extension for WindowsStandalone target not found
Native extension for WebGL target not found
Refreshing native plugins compatible for Editor in 1.01 ms, found 0 plugins.
Preloading 0 native plugins for Editor in 0.00 ms.
Invoked RoslynAnalysisRunner static constructor.
RoslynAnalysisRunner will not be running.
RoslynAnalysisRunner has terminated.
Mono: successfully reloaded assembly
- Completed reload, in  2.721 seconds
Platform modules already initialized, skipping
Shader 'Universal Render Pipeline/Particles/Lit': fallback shader 'Universal Render Pipeline/Particles/SimpleLit' not found
Refreshing native plugins compatible for Editor in 0.92 ms, found 0 plugins.
Preloading 0 native plugins for Editor in 0.00 ms.
Unloading 2392 Unused Serialized files (Serialized files now loaded: 0)
System memory in use before: 117.5 MB.
System memory in use after: 117.7 MB.

Unloading 7 unused Assets to reduce memory usage. Loaded Objects now: 2978.
Total: 4.315600 ms (FindLiveObjects: 0.522400 ms CreateObjectMapping: 0.236600 ms MarkObjects: 3.427600 ms  DeleteObjects: 0.126300 ms)

========================================================================
Received Prepare
Registering precompiled user dll's ...
Registered in 0.002296 seconds.
Begin MonoManager ReloadAssembly
Native extension for WindowsStandalone target not found
Native extension for WebGL target not found
Refreshing native plugins compatible for Editor in 0.55 ms, found 0 plugins.
Preloading 0 native plugins for Editor in 0.00 ms.
Invoked RoslynAnalysisRunner static constructor.
RoslynAnalysisRunner will not be running.
RoslynAnalysisRunner has terminated.
Mono: successfully reloaded assembly
- Completed reload, in  1.953 seconds
Platform modules already initialized, skipping
Shader 'Universal Render Pipeline/Particles/Lit': fallback shader 'Universal Render Pipeline/Particles/SimpleLit' not found
Refreshing native plugins compatible for Editor in 0.51 ms, found 0 plugins.
Preloading 0 native plugins for Editor in 0.00 ms.
Unloading 2392 Unused Serialized files (Serialized files now loaded: 0)
System memory in use before: 117.6 MB.
System memory in use after: 117.8 MB.

Unloading 7 unused Assets to reduce memory usage. Loaded Objects now: 2980.
Total: 4.510200 ms (FindLiveObjects: 0.524500 ms CreateObjectMapping: 0.250500 ms MarkObjects: 3.614600 ms  DeleteObjects: 0.118000 ms)

========================================================================
Received Prepare
Registering precompiled user dll's ...
Registered in 0.003301 seconds.
Begin MonoManager ReloadAssembly
Native extension for WindowsStandalone target not found
Native extension for WebGL target not found
Refreshing native plugins compatible for Editor in 0.58 ms, found 0 plugins.
Preloading 0 native plugins for Editor in 0.00 ms.
Invoked RoslynAnalysisRunner static constructor.
RoslynAnalysisRunner will not be running.
RoslynAnalysisRunner has terminated.
Mono: successfully reloaded assembly
- Completed reload, in  1.454 seconds
Platform modules already initialized, skipping
Shader 'Universal Render Pipeline/Particles/Lit': fallback shader 'Universal Render Pipeline/Particles/SimpleLit' not found
Refreshing native plugins compatible for Editor in 1.02 ms, found 0 plugins.
Preloading 0 native plugins for Editor in 0.00 ms.
Unloading 2392 Unused Serialized files (Serialized files now loaded: 0)
System memory in use before: 117.6 MB.
System memory in use after: 117.8 MB.

Unloading 7 unused Assets to reduce memory usage. Loaded Objects now: 2982.
Total: 5.414600 ms (FindLiveObjects: 0.707000 ms CreateObjectMapping: 0.302200 ms MarkObjects: 4.279800 ms  DeleteObjects: 0.123300 ms)

========================================================================
Received Prepare
Registering precompiled user dll's ...
Registered in 0.011134 seconds.
Begin MonoManager ReloadAssembly
Native extension for WindowsStandalone target not found
Native extension for WebGL target not found
Refreshing native plugins compatible for Editor in 0.72 ms, found 0 plugins.
Preloading 0 native plugins for Editor in 0.00 ms.
Invoked RoslynAnalysisRunner static constructor.
RoslynAnalysisRunner will not be running.
RoslynAnalysisRunner has terminated.
Mono: successfully reloaded assembly
- Completed reload, in  1.657 seconds
Platform modules already initialized, skipping
Shader 'Universal Render Pipeline/Particles/Lit': fallback shader 'Universal Render Pipeline/Particles/SimpleLit' not found
Refreshing native plugins compatible for Editor in 2.37 ms, found 0 plugins.
Preloading 0 native plugins for Editor in 0.00 ms.
Unloading 2392 Unused Serialized files (Serialized files now loaded: 0)
System memory in use before: 117.7 MB.
System memory in use after: 117.8 MB.

Unloading 7 unused Assets to reduce memory usage. Loaded Objects now: 2984.
Total: 7.948600 ms (FindLiveObjects: 0.505200 ms CreateObjectMapping: 0.243700 ms MarkObjects: 6.820700 ms  DeleteObjects: 0.376400 ms)

========================================================================
Received Import Request.
  Time since last request: 976.308201 seconds.
  path: Assets/Scenes/Idle.anim
  artifactKey: Guid(4f876780946612a4eb8bca3eab95404a) Importer(815301076,1909f56bfc062723c751e8b465ee728b)
Start importing Assets/Scenes/Idle.anim using Guid(4f876780946612a4eb8bca3eab95404a) Importer(815301076,1909f56bfc062723c751e8b465ee728b)  -> (artifact id: '952c066989765ee9fa179669ac7b2f95') in 0.141113 seconds
  Import took 0.196145 seconds .

========================================================================
Received Import Request.
  Time since last request: 0.850005 seconds.
  path: Assets/Scenes/MainSceneStart.anim
  artifactKey: Guid(fe3cff2c5e342794baa7eb9d3e9c1d45) Importer(815301076,1909f56bfc062723c751e8b465ee728b)
Start importing Assets/Scenes/MainSceneStart.anim using Guid(fe3cff2c5e342794baa7eb9d3e9c1d45) Importer(815301076,1909f56bfc062723c751e8b465ee728b)  -> (artifact id: 'f5999a66985f987114144c7f5ec0473a') in 0.036404 seconds
  Import took 0.046155 seconds .

========================================================================
Received Import Request.
  Time since last request: 0.003601 seconds.
  path: Assets/Scenes/MainSceneStart.anim
  artifactKey: Guid(fe3cff2c5e342794baa7eb9d3e9c1d45) Importer(815301076,1909f56bfc062723c751e8b465ee728b)
Start importing Assets/Scenes/MainSceneStart.anim using Guid(fe3cff2c5e342794baa7eb9d3e9c1d45) Importer(815301076,1909f56bfc062723c751e8b465ee728b)  -> (artifact id: 'f5999a66985f987114144c7f5ec0473a') in 0.022295 seconds
  Import took 0.031026 seconds .

========================================================================
Received Import Request.
  Time since last request: 22.178639 seconds.
  path: Assets/Scenes/Canvas.controller
  artifactKey: Guid(da94c414e29a36646916915c74cc925e) Importer(815301076,1909f56bfc062723c751e8b465ee728b)
Start importing Assets/Scenes/Canvas.controller using Guid(da94c414e29a36646916915c74cc925e) Importer(815301076,1909f56bfc062723c751e8b465ee728b)  -> (artifact id: '8e5f9d0edb53c8b74ea0484fa6df354c') in 0.056179 seconds
  Import took 0.077731 seconds .

========================================================================
Received Prepare
Registering precompiled user dll's ...
Registered in 0.003984 seconds.
Begin MonoManager ReloadAssembly
Native extension for WindowsStandalone target not found
Native extension for WebGL target not found
Refreshing native plugins compatible for Editor in 0.88 ms, found 0 plugins.
Preloading 0 native plugins for Editor in 0.00 ms.
Invoked RoslynAnalysisRunner static constructor.
RoslynAnalysisRunner will not be running.
RoslynAnalysisRunner has terminated.
Mono: successfully reloaded assembly
- Completed reload, in  1.369 seconds
Platform modules already initialized, skipping
Shader 'Universal Render Pipeline/Particles/Lit': fallback shader 'Universal Render Pipeline/Particles/SimpleLit' not found
Refreshing native plugins compatible for Editor in 0.52 ms, found 0 plugins.
Preloading 0 native plugins for Editor in 0.00 ms.
Unloading 2392 Unused Serialized files (Serialized files now loaded: 0)
System memory in use before: 117.7 MB.
System memory in use after: 117.8 MB.

Unloading 7 unused Assets to reduce memory usage. Loaded Objects now: 2986.
Total: 11.037900 ms (FindLiveObjects: 0.517800 ms CreateObjectMapping: 0.288900 ms MarkObjects: 10.087200 ms  DeleteObjects: 0.141200 ms)

========================================================================
Received Prepare
Registering precompiled user dll's ...
Registered in 0.002119 seconds.
Begin MonoManager ReloadAssembly
Native extension for WindowsStandalone target not found
Native extension for WebGL target not found
Refreshing native plugins compatible for Editor in 0.52 ms, found 0 plugins.
Preloading 0 native plugins for Editor in 0.00 ms.
Invoked RoslynAnalysisRunner static constructor.
RoslynAnalysisRunner will not be running.
RoslynAnalysisRunner has terminated.
Mono: successfully reloaded assembly
- Completed reload, in  1.457 seconds
Platform modules already initialized, skipping
Shader 'Universal Render Pipeline/Particles/Lit': fallback shader 'Universal Render Pipeline/Particles/SimpleLit' not found
Refreshing native plugins compatible for Editor in 0.72 ms, found 0 plugins.
Preloading 0 native plugins for Editor in 0.00 ms.
Unloading 2392 Unused Serialized files (Serialized files now loaded: 0)
System memory in use before: 117.6 MB.
System memory in use after: 117.8 MB.

Unloading 7 unused Assets to reduce memory usage. Loaded Objects now: 2988.
Total: 14.392300 ms (FindLiveObjects: 1.893100 ms CreateObjectMapping: 0.865500 ms MarkObjects: 11.500800 ms  DeleteObjects: 0.105500 ms)

========================================================================
Received Import Request.
  Time since last request: 191.189857 seconds.
  path: Assets/Scenes/Start.anim
  artifactKey: Guid(31b736061deccfc46a3d8abfdd40358e) Importer(815301076,1909f56bfc062723c751e8b465ee728b)
Start importing Assets/Scenes/Start.anim using Guid(31b736061deccfc46a3d8abfdd40358e) Importer(815301076,1909f56bfc062723c751e8b465ee728b)  -> (artifact id: '6350fc2e422c236901613572cea38ddf') in 0.092854 seconds
  Import took 0.115937 seconds .

========================================================================
Received Prepare
Registering precompiled user dll's ...
Registered in 0.012911 seconds.
Begin MonoManager ReloadAssembly
Native extension for WindowsStandalone target not found
Native extension for WebGL target not found
Refreshing native plugins compatible for Editor in 0.63 ms, found 0 plugins.
Preloading 0 native plugins for Editor in 0.00 ms.
Invoked RoslynAnalysisRunner static constructor.
RoslynAnalysisRunner will not be running.
RoslynAnalysisRunner has terminated.
Mono: successfully reloaded assembly
- Completed reload, in  1.819 seconds
Platform modules already initialized, skipping
Shader 'Universal Render Pipeline/Particles/Lit': fallback shader 'Universal Render Pipeline/Particles/SimpleLit' not found
Refreshing native plugins compatible for Editor in 0.53 ms, found 0 plugins.
Preloading 0 native plugins for Editor in 0.00 ms.
Unloading 2392 Unused Serialized files (Serialized files now loaded: 0)
System memory in use before: 117.7 MB.
System memory in use after: 117.9 MB.

Unloading 7 unused Assets to reduce memory usage. Loaded Objects now: 2990.
Total: 5.860200 ms (FindLiveObjects: 0.856400 ms CreateObjectMapping: 0.207700 ms MarkObjects: 4.660700 ms  DeleteObjects: 0.132600 ms)

========================================================================
Received Prepare
Registering precompiled user dll's ...
Registered in 0.023931 seconds.
Begin MonoManager ReloadAssembly
Native extension for WindowsStandalone target not found
Native extension for WebGL target not found
Refreshing native plugins compatible for Editor in 1.23 ms, found 0 plugins.
Preloading 0 native plugins for Editor in 0.00 ms.
Invoked RoslynAnalysisRunner static constructor.
RoslynAnalysisRunner will not be running.
RoslynAnalysisRunner has terminated.
Mono: successfully reloaded assembly
- Completed reload, in  1.789 seconds
Platform modules already initialized, skipping
Shader 'Universal Render Pipeline/Particles/Lit': fallback shader 'Universal Render Pipeline/Particles/SimpleLit' not found
Refreshing native plugins compatible for Editor in 0.90 ms, found 0 plugins.
Preloading 0 native plugins for Editor in 0.00 ms.
Unloading 2392 Unused Serialized files (Serialized files now loaded: 0)
System memory in use before: 117.7 MB.
System memory in use after: 117.9 MB.

Unloading 7 unused Assets to reduce memory usage. Loaded Objects now: 2992.
Total: 6.141500 ms (FindLiveObjects: 0.799800 ms CreateObjectMapping: 0.309600 ms MarkObjects: 4.068300 ms  DeleteObjects: 0.961700 ms)

========================================================================
Received Prepare
Registering precompiled user dll's ...
Registered in 0.010853 seconds.
Begin MonoManager ReloadAssembly
Native extension for WindowsStandalone target not found
Native extension for WebGL target not found
Refreshing native plugins compatible for Editor in 0.61 ms, found 0 plugins.
Preloading 0 native plugins for Editor in 0.00 ms.
Invoked RoslynAnalysisRunner static constructor.
RoslynAnalysisRunner will not be running.
RoslynAnalysisRunner has terminated.
Mono: successfully reloaded assembly
- Completed reload, in  1.981 seconds
Platform modules already initialized, skipping
Shader 'Universal Render Pipeline/Particles/Lit': fallback shader 'Universal Render Pipeline/Particles/SimpleLit' not found
Refreshing native plugins compatible for Editor in 0.53 ms, found 0 plugins.
Preloading 0 native plugins for Editor in 0.00 ms.
Unloading 2392 Unused Serialized files (Serialized files now loaded: 0)
System memory in use before: 117.7 MB.
System memory in use after: 117.9 MB.

Unloading 7 unused Assets to reduce memory usage. Loaded Objects now: 2994.
Total: 4.700500 ms (FindLiveObjects: 0.631900 ms CreateObjectMapping: 0.316600 ms MarkObjects: 3.594000 ms  DeleteObjects: 0.131900 ms)

========================================================================
Received Prepare
Registering precompiled user dll's ...
Registered in 0.037402 seconds.
Begin MonoManager ReloadAssembly
Native extension for WindowsStandalone target not found
Native extension for WebGL target not found
Refreshing native plugins compatible for Editor in 0.85 ms, found 0 plugins.
Preloading 0 native plugins for Editor in 0.00 ms.
Invoked RoslynAnalysisRunner static constructor.
RoslynAnalysisRunner will not be running.
RoslynAnalysisRunner has terminated.
Mono: successfully reloaded assembly
- Completed reload, in  3.215 seconds
Platform modules already initialized, skipping
Shader 'Universal Render Pipeline/Particles/Lit': fallback shader 'Universal Render Pipeline/Particles/SimpleLit' not found
Refreshing native plugins compatible for Editor in 0.54 ms, found 0 plugins.
Preloading 0 native plugins for Editor in 0.00 ms.
Unloading 2392 Unused Serialized files (Serialized files now loaded: 0)
System memory in use before: 117.7 MB.
System memory in use after: 117.9 MB.

Unloading 7 unused Assets to reduce memory usage. Loaded Objects now: 2996.
Total: 6.854100 ms (FindLiveObjects: 1.031500 ms CreateObjectMapping: 0.899400 ms MarkObjects: 4.814300 ms  DeleteObjects: 0.105900 ms)

========================================================================
Received Prepare
Registering precompiled user dll's ...
Registered in 0.004698 seconds.
Begin MonoManager ReloadAssembly
Native extension for WindowsStandalone target not found
Native extension for WebGL target not found
Refreshing native plugins compatible for Editor in 0.82 ms, found 0 plugins.
Preloading 0 native plugins for Editor in 0.00 ms.
Invoked RoslynAnalysisRunner static constructor.
RoslynAnalysisRunner will not be running.
RoslynAnalysisRunner has terminated.
Mono: successfully reloaded assembly
- Completed reload, in  3.221 seconds
Platform modules already initialized, skipping
Shader 'Universal Render Pipeline/Particles/Lit': fallback shader 'Universal Render Pipeline/Particles/SimpleLit' not found
Refreshing native plugins compatible for Editor in 0.52 ms, found 0 plugins.
Preloading 0 native plugins for Editor in 0.00 ms.
Unloading 2392 Unused Serialized files (Serialized files now loaded: 0)
System memory in use before: 117.6 MB.
System memory in use after: 117.8 MB.

Unloading 7 unused Assets to reduce memory usage. Loaded Objects now: 2998.
Total: 4.467300 ms (FindLiveObjects: 0.733300 ms CreateObjectMapping: 0.266700 ms MarkObjects: 3.338900 ms  DeleteObjects: 0.126600 ms)

========================================================================
Received Prepare
Registering precompiled user dll's ...
Registered in 0.018974 seconds.
Begin MonoManager ReloadAssembly
Native extension for WindowsStandalone target not found
Native extension for WebGL target not found
Refreshing native plugins compatible for Editor in 0.71 ms, found 0 plugins.
Preloading 0 native plugins for Editor in 0.00 ms.
Invoked RoslynAnalysisRunner static constructor.
RoslynAnalysisRunner will not be running.
RoslynAnalysisRunner has terminated.
Mono: successfully reloaded assembly
- Completed reload, in  1.918 seconds
Platform modules already initialized, skipping
Shader 'Universal Render Pipeline/Particles/Lit': fallback shader 'Universal Render Pipeline/Particles/SimpleLit' not found
Refreshing native plugins compatible for Editor in 0.54 ms, found 0 plugins.
Preloading 0 native plugins for Editor in 0.00 ms.
Unloading 2392 Unused Serialized files (Serialized files now loaded: 0)
System memory in use before: 117.7 MB.
System memory in use after: 117.9 MB.

Unloading 7 unused Assets to reduce memory usage. Loaded Objects now: 3000.
Total: 5.205600 ms (FindLiveObjects: 1.126000 ms CreateObjectMapping: 0.330600 ms MarkObjects: 3.618600 ms  DeleteObjects: 0.127700 ms)

========================================================================
Received Prepare
Registering precompiled user dll's ...
Registered in 0.003311 seconds.
Begin MonoManager ReloadAssembly
Native extension for WindowsStandalone target not found
Native extension for WebGL target not found
Refreshing native plugins compatible for Editor in 0.66 ms, found 0 plugins.
Preloading 0 native plugins for Editor in 0.00 ms.
Invoked RoslynAnalysisRunner static constructor.
RoslynAnalysisRunner will not be running.
RoslynAnalysisRunner has terminated.
Mono: successfully reloaded assembly
- Completed reload, in  1.966 seconds
Platform modules already initialized, skipping
Shader 'Universal Render Pipeline/Particles/Lit': fallback shader 'Universal Render Pipeline/Particles/SimpleLit' not found
Refreshing native plugins compatible for Editor in 0.55 ms, found 0 plugins.
Preloading 0 native plugins for Editor in 0.00 ms.
Unloading 2392 Unused Serialized files (Serialized files now loaded: 0)
System memory in use before: 117.7 MB.
System memory in use after: 117.9 MB.

Unloading 7 unused Assets to reduce memory usage. Loaded Objects now: 3002.
Total: 5.713400 ms (FindLiveObjects: 0.664300 ms CreateObjectMapping: 0.300800 ms MarkObjects: 4.472800 ms  DeleteObjects: 0.272700 ms)

========================================================================
Received Prepare
Registering precompiled user dll's ...
Registered in 0.025760 seconds.
Begin MonoManager ReloadAssembly
Native extension for WindowsStandalone target not found
Native extension for WebGL target not found
Refreshing native plugins compatible for Editor in 0.92 ms, found 0 plugins.
Preloading 0 native plugins for Editor in 0.00 ms.
Invoked RoslynAnalysisRunner static constructor.
RoslynAnalysisRunner will not be running.
RoslynAnalysisRunner has terminated.
Mono: successfully reloaded assembly
- Completed reload, in  1.749 seconds
Platform modules already initialized, skipping
Shader 'Universal Render Pipeline/Particles/Lit': fallback shader 'Universal Render Pipeline/Particles/SimpleLit' not found
Refreshing native plugins compatible for Editor in 0.60 ms, found 0 plugins.
Preloading 0 native plugins for Editor in 0.00 ms.
Unloading 2392 Unused Serialized files (Serialized files now loaded: 0)
System memory in use before: 117.7 MB.
System memory in use after: 117.9 MB.

Unloading 7 unused Assets to reduce memory usage. Loaded Objects now: 3004.
Total: 4.747000 ms (FindLiveObjects: 0.532900 ms CreateObjectMapping: 0.263500 ms MarkObjects: 3.826700 ms  DeleteObjects: 0.121600 ms)

========================================================================
Received Prepare
Registering precompiled user dll's ...
Registered in 0.003351 seconds.
Begin MonoManager ReloadAssembly
Native extension for WindowsStandalone target not found
Native extension for WebGL target not found
Refreshing native plugins compatible for Editor in 0.80 ms, found 0 plugins.
Preloading 0 native plugins for Editor in 0.00 ms.
Invoked RoslynAnalysisRunner static constructor.
RoslynAnalysisRunner will not be running.
RoslynAnalysisRunner has terminated.
Mono: successfully reloaded assembly
- Completed reload, in  2.432 seconds
Platform modules already initialized, skipping
Shader 'Universal Render Pipeline/Particles/Lit': fallback shader 'Universal Render Pipeline/Particles/SimpleLit' not found
Refreshing native plugins compatible for Editor in 0.54 ms, found 0 plugins.
Preloading 0 native plugins for Editor in 0.00 ms.
Unloading 2392 Unused Serialized files (Serialized files now loaded: 0)
System memory in use before: 117.7 MB.
System memory in use after: 117.9 MB.

Unloading 7 unused Assets to reduce memory usage. Loaded Objects now: 3006.
Total: 4.859400 ms (FindLiveObjects: 0.828100 ms CreateObjectMapping: 0.319900 ms MarkObjects: 3.564700 ms  DeleteObjects: 0.143500 ms)

========================================================================
Received Prepare
Registering precompiled user dll's ...
Registered in 0.006002 seconds.
Begin MonoManager ReloadAssembly
Native extension for WindowsStandalone target not found
Native extension for WebGL target not found
Refreshing native plugins compatible for Editor in 1.09 ms, found 0 plugins.
Preloading 0 native plugins for Editor in 0.00 ms.
Invoked RoslynAnalysisRunner static constructor.
RoslynAnalysisRunner will not be running.
RoslynAnalysisRunner has terminated.
Mono: successfully reloaded assembly
- Completed reload, in  3.401 seconds
Platform modules already initialized, skipping
Shader 'Universal Render Pipeline/Particles/Lit': fallback shader 'Universal Render Pipeline/Particles/SimpleLit' not found
Refreshing native plugins compatible for Editor in 0.97 ms, found 0 plugins.
Preloading 0 native plugins for Editor in 0.00 ms.
Unloading 2392 Unused Serialized files (Serialized files now loaded: 0)
System memory in use before: 117.6 MB.
System memory in use after: 117.8 MB.

Unloading 7 unused Assets to reduce memory usage. Loaded Objects now: 3008.
Total: 6.582000 ms (FindLiveObjects: 0.649100 ms CreateObjectMapping: 0.357400 ms MarkObjects: 5.390900 ms  DeleteObjects: 0.179700 ms)

========================================================================
Received Prepare
Registering precompiled user dll's ...
Registered in 0.012701 seconds.
Begin MonoManager ReloadAssembly
Native extension for WindowsStandalone target not found
Native extension for WebGL target not found
Refreshing native plugins compatible for Editor in 0.81 ms, found 0 plugins.
Preloading 0 native plugins for Editor in 0.00 ms.
Invoked RoslynAnalysisRunner static constructor.
RoslynAnalysisRunner will not be running.
RoslynAnalysisRunner has terminated.
Mono: successfully reloaded assembly
- Completed reload, in  1.639 seconds
Platform modules already initialized, skipping
Shader 'Universal Render Pipeline/Particles/Lit': fallback shader 'Universal Render Pipeline/Particles/SimpleLit' not found
Refreshing native plugins compatible for Editor in 0.69 ms, found 0 plugins.
Preloading 0 native plugins for Editor in 0.00 ms.
Unloading 2392 Unused Serialized files (Serialized files now loaded: 0)
System memory in use before: 117.7 MB.
System memory in use after: 117.9 MB.

Unloading 7 unused Assets to reduce memory usage. Loaded Objects now: 3010.
Total: 4.823000 ms (FindLiveObjects: 0.939200 ms CreateObjectMapping: 0.331600 ms MarkObjects: 3.399900 ms  DeleteObjects: 0.150000 ms)

========================================================================
Received Prepare
Registering precompiled user dll's ...
Registered in 0.004927 seconds.
Begin MonoManager ReloadAssembly
Native extension for WindowsStandalone target not found
Native extension for WebGL target not found
Refreshing native plugins compatible for Editor in 0.64 ms, found 0 plugins.
Preloading 0 native plugins for Editor in 0.00 ms.
Invoked RoslynAnalysisRunner static constructor.
RoslynAnalysisRunner will not be running.
RoslynAnalysisRunner has terminated.
Mono: successfully reloaded assembly
- Completed reload, in  5.826 seconds
Platform modules already initialized, skipping
Shader 'Universal Render Pipeline/Particles/Lit': fallback shader 'Universal Render Pipeline/Particles/SimpleLit' not found
Refreshing native plugins compatible for Editor in 0.52 ms, found 0 plugins.
Preloading 0 native plugins for Editor in 0.00 ms.
Unloading 2392 Unused Serialized files (Serialized files now loaded: 0)
System memory in use before: 117.7 MB.
System memory in use after: 117.9 MB.

Unloading 7 unused Assets to reduce memory usage. Loaded Objects now: 3012.
Total: 4.852100 ms (FindLiveObjects: 0.602700 ms CreateObjectMapping: 0.276100 ms MarkObjects: 3.787400 ms  DeleteObjects: 0.182700 ms)

========================================================================
Received Prepare
Registering precompiled user dll's ...
Registered in 0.003917 seconds.
Begin MonoManager ReloadAssembly
Native extension for WindowsStandalone target not found
Native extension for WebGL target not found
Refreshing native plugins compatible for Editor in 0.52 ms, found 0 plugins.
Preloading 0 native plugins for Editor in 0.00 ms.
Invoked RoslynAnalysisRunner static constructor.
RoslynAnalysisRunner will not be running.
RoslynAnalysisRunner has terminated.
Mono: successfully reloaded assembly
- Completed reload, in  1.864 seconds
Platform modules already initialized, skipping
Shader 'Universal Render Pipeline/Particles/Lit': fallback shader 'Universal Render Pipeline/Particles/SimpleLit' not found
Refreshing native plugins compatible for Editor in 0.58 ms, found 0 plugins.
Preloading 0 native plugins for Editor in 0.00 ms.
Unloading 2392 Unused Serialized files (Serialized files now loaded: 0)
System memory in use before: 117.8 MB.
System memory in use after: 117.9 MB.

Unloading 7 unused Assets to reduce memory usage. Loaded Objects now: 3014.
Total: 5.917200 ms (FindLiveObjects: 0.923300 ms CreateObjectMapping: 0.366700 ms MarkObjects: 4.484400 ms  DeleteObjects: 0.140500 ms)

========================================================================
Received Prepare
Registering precompiled user dll's ...
Registered in 0.016594 seconds.
Begin MonoManager ReloadAssembly
Native extension for WindowsStandalone target not found
Native extension for WebGL target not found
Refreshing native plugins compatible for Editor in 0.62 ms, found 0 plugins.
Preloading 0 native plugins for Editor in 0.00 ms.
Invoked RoslynAnalysisRunner static constructor.
RoslynAnalysisRunner will not be running.
RoslynAnalysisRunner has terminated.
Mono: successfully reloaded assembly
- Completed reload, in  2.353 seconds
Platform modules already initialized, skipping
Shader 'Universal Render Pipeline/Particles/Lit': fallback shader 'Universal Render Pipeline/Particles/SimpleLit' not found
Refreshing native plugins compatible for Editor in 0.53 ms, found 0 plugins.
Preloading 0 native plugins for Editor in 0.00 ms.
Unloading 2392 Unused Serialized files (Serialized files now loaded: 0)
System memory in use before: 117.8 MB.
System memory in use after: 117.9 MB.

Unloading 7 unused Assets to reduce memory usage. Loaded Objects now: 3016.
Total: 17.148000 ms (FindLiveObjects: 7.291400 ms CreateObjectMapping: 2.137900 ms MarkObjects: 7.362400 ms  DeleteObjects: 0.353100 ms)

========================================================================
Received Prepare
Registering precompiled user dll's ...
Registered in 0.006408 seconds.
Begin MonoManager ReloadAssembly
Native extension for WindowsStandalone target not found
Native extension for WebGL target not found
Refreshing native plugins compatible for Editor in 0.83 ms, found 0 plugins.
Preloading 0 native plugins for Editor in 0.00 ms.
Invoked RoslynAnalysisRunner static constructor.
RoslynAnalysisRunner will not be running.
RoslynAnalysisRunner has terminated.
Mono: successfully reloaded assembly
- Completed reload, in  2.284 seconds
Platform modules already initialized, skipping
Shader 'Universal Render Pipeline/Particles/Lit': fallback shader 'Universal Render Pipeline/Particles/SimpleLit' not found
Refreshing native plugins compatible for Editor in 0.87 ms, found 0 plugins.
Preloading 0 native plugins for Editor in 0.00 ms.
Unloading 2392 Unused Serialized files (Serialized files now loaded: 0)
System memory in use before: 117.7 MB.
System memory in use after: 117.8 MB.

Unloading 7 unused Assets to reduce memory usage. Loaded Objects now: 3018.
Total: 7.187700 ms (FindLiveObjects: 0.762600 ms CreateObjectMapping: 0.348900 ms MarkObjects: 5.872000 ms  DeleteObjects: 0.201500 ms)

========================================================================
Received Prepare
Registering precompiled user dll's ...
Registered in 0.036588 seconds.
Begin MonoManager ReloadAssembly
Native extension for WindowsStandalone target not found
Native extension for WebGL target not found
Refreshing native plugins compatible for Editor in 3.47 ms, found 0 plugins.
Preloading 0 native plugins for Editor in 0.00 ms.
Invoked RoslynAnalysisRunner static constructor.
RoslynAnalysisRunner will not be running.
RoslynAnalysisRunner has terminated.
Mono: successfully reloaded assembly
- Completed reload, in  6.544 seconds
Platform modules already initialized, skipping
Shader 'Universal Render Pipeline/Particles/Lit': fallback shader 'Universal Render Pipeline/Particles/SimpleLit' not found
Refreshing native plugins compatible for Editor in 0.70 ms, found 0 plugins.
Preloading 0 native plugins for Editor in 0.00 ms.
Unloading 2392 Unused Serialized files (Serialized files now loaded: 0)
System memory in use before: 117.8 MB.
System memory in use after: 117.9 MB.

Unloading 7 unused Assets to reduce memory usage. Loaded Objects now: 3020.
Total: 9.260200 ms (FindLiveObjects: 0.569800 ms CreateObjectMapping: 0.349400 ms MarkObjects: 8.190900 ms  DeleteObjects: 0.146900 ms)

========================================================================
Received Prepare
Registering precompiled user dll's ...
Registered in 0.022081 seconds.
Begin MonoManager ReloadAssembly
Native extension for WindowsStandalone target not found
Native extension for WebGL target not found
Refreshing native plugins compatible for Editor in 0.89 ms, found 0 plugins.
Preloading 0 native plugins for Editor in 0.00 ms.
Invoked RoslynAnalysisRunner static constructor.
RoslynAnalysisRunner will not be running.
RoslynAnalysisRunner has terminated.
Mono: successfully reloaded assembly
- Completed reload, in  2.027 seconds
Platform modules already initialized, skipping
Shader 'Universal Render Pipeline/Particles/Lit': fallback shader 'Universal Render Pipeline/Particles/SimpleLit' not found
Refreshing native plugins compatible for Editor in 0.82 ms, found 0 plugins.
Preloading 0 native plugins for Editor in 0.00 ms.
Unloading 2392 Unused Serialized files (Serialized files now loaded: 0)
System memory in use before: 117.8 MB.
System memory in use after: 118.0 MB.

Unloading 7 unused Assets to reduce memory usage. Loaded Objects now: 3022.
Total: 5.543900 ms (FindLiveObjects: 0.582700 ms CreateObjectMapping: 0.336900 ms MarkObjects: 4.495400 ms  DeleteObjects: 0.126400 ms)

========================================================================
Received Import Request.
  Time since last request: 2514.449352 seconds.
  path: Assets/Music/purrple-cat-green-tea.mp3
  artifactKey: Guid(f977ab758d21f8348994aee19d00b5b0) Importer(815301076,1909f56bfc062723c751e8b465ee728b)
Start importing Assets/Music/purrple-cat-green-tea.mp3 using Guid(f977ab758d21f8348994aee19d00b5b0) Importer(815301076,1909f56bfc062723c751e8b465ee728b)  -> (artifact id: 'c5e22a7515b3e0c0d7c81dfa96ed2ec0') in 0.379931 seconds
  Import took 0.390767 seconds .

========================================================================
Received Prepare
Registering precompiled user dll's ...
Registered in 0.010608 seconds.
Begin MonoManager ReloadAssembly
Native extension for WindowsStandalone target not found
Native extension for WebGL target not found
Refreshing native plugins compatible for Editor in 0.84 ms, found 0 plugins.
Preloading 0 native plugins for Editor in 0.00 ms.
Invoked RoslynAnalysisRunner static constructor.
RoslynAnalysisRunner will not be running.
RoslynAnalysisRunner has terminated.
Mono: successfully reloaded assembly
- Completed reload, in  1.832 seconds
Platform modules already initialized, skipping
Shader 'Universal Render Pipeline/Particles/Lit': fallback shader 'Universal Render Pipeline/Particles/SimpleLit' not found
Refreshing native plugins compatible for Editor in 0.81 ms, found 0 plugins.
Preloading 0 native plugins for Editor in 0.00 ms.
Unloading 2392 Unused Serialized files (Serialized files now loaded: 0)
System memory in use before: 117.8 MB.
System memory in use after: 118.0 MB.

Unloading 7 unused Assets to reduce memory usage. Loaded Objects now: 3025.
Total: 4.454600 ms (FindLiveObjects: 1.131400 ms CreateObjectMapping: 0.400500 ms MarkObjects: 2.814900 ms  DeleteObjects: 0.105300 ms)

========================================================================
Received Prepare
Registering precompiled user dll's ...
Registered in 0.002207 seconds.
Begin MonoManager ReloadAssembly
Native extension for WindowsStandalone target not found
Native extension for WebGL target not found
Refreshing native plugins compatible for Editor in 0.62 ms, found 0 plugins.
Preloading 0 native plugins for Editor in 0.00 ms.
Invoked RoslynAnalysisRunner static constructor.
RoslynAnalysisRunner will not be running.
RoslynAnalysisRunner has terminated.
Mono: successfully reloaded assembly
- Completed reload, in  1.455 seconds
Platform modules already initialized, skipping
Shader 'Universal Render Pipeline/Particles/Lit': fallback shader 'Universal Render Pipeline/Particles/SimpleLit' not found
Refreshing native plugins compatible for Editor in 0.82 ms, found 0 plugins.
Preloading 0 native plugins for Editor in 0.00 ms.
Unloading 2393 Unused Serialized files (Serialized files now loaded: 0)
System memory in use before: 117.8 MB.
System memory in use after: 118.0 MB.

Unloading 7 unused Assets to reduce memory usage. Loaded Objects now: 3028.
Total: 6.402200 ms (FindLiveObjects: 1.380500 ms CreateObjectMapping: 0.457300 ms MarkObjects: 4.261100 ms  DeleteObjects: 0.209800 ms)

========================================================================
Received Prepare
Registering precompiled user dll's ...
Registered in 0.003721 seconds.
Begin MonoManager ReloadAssembly
Native extension for WindowsStandalone target not found
Native extension for WebGL target not found
Refreshing native plugins compatible for Editor in 0.51 ms, found 0 plugins.
Preloading 0 native plugins for Editor in 0.00 ms.
Invoked RoslynAnalysisRunner static constructor.
RoslynAnalysisRunner will not be running.
RoslynAnalysisRunner has terminated.
Mono: successfully reloaded assembly
- Completed reload, in  1.523 seconds
Platform modules already initialized, skipping
Shader 'Universal Render Pipeline/Particles/Lit': fallback shader 'Universal Render Pipeline/Particles/SimpleLit' not found
Refreshing native plugins compatible for Editor in 0.64 ms, found 0 plugins.
Preloading 0 native plugins for Editor in 0.00 ms.
Unloading 2393 Unused Serialized files (Serialized files now loaded: 0)
System memory in use before: 117.7 MB.
System memory in use after: 117.9 MB.

Unloading 7 unused Assets to reduce memory usage. Loaded Objects now: 3030.
Total: 5.067600 ms (FindLiveObjects: 0.499500 ms CreateObjectMapping: 0.232600 ms MarkObjects: 4.137000 ms  DeleteObjects: 0.196200 ms)

========================================================================
Received Import Request.
  Time since last request: 2556.454939 seconds.
  path: Assets/SceneManager.cs
  artifactKey: Guid(e6b2fbd4f7f9fa44389dc47e267d0634) Importer(815301076,1909f56bfc062723c751e8b465ee728b)
Start importing Assets/SceneManager.cs using Guid(e6b2fbd4f7f9fa44389dc47e267d0634) Importer(815301076,1909f56bfc062723c751e8b465ee728b)  -> (artifact id: 'ea6ac1ed395db87962fea0d62bae3f17') in 0.088739 seconds
  Import took 0.152536 seconds .

========================================================================
Received Prepare
Registering precompiled user dll's ...
Registered in 0.004085 seconds.
Begin MonoManager ReloadAssembly
Native extension for WindowsStandalone target not found
Native extension for WebGL target not found
Refreshing native plugins compatible for Editor in 0.51 ms, found 0 plugins.
Preloading 0 native plugins for Editor in 0.00 ms.
Invoked RoslynAnalysisRunner static constructor.
RoslynAnalysisRunner will not be running.
RoslynAnalysisRunner has terminated.
Mono: successfully reloaded assembly
- Completed reload, in  1.568 seconds
Platform modules already initialized, skipping
Shader 'Universal Render Pipeline/Particles/Lit': fallback shader 'Universal Render Pipeline/Particles/SimpleLit' not found
Refreshing native plugins compatible for Editor in 0.54 ms, found 0 plugins.
Preloading 0 native plugins for Editor in 0.00 ms.
Unloading 2393 Unused Serialized files (Serialized files now loaded: 0)
System memory in use before: 117.8 MB.
System memory in use after: 118.0 MB.

Unloading 7 unused Assets to reduce memory usage. Loaded Objects now: 3032.
Total: 8.412500 ms (FindLiveObjects: 0.451300 ms CreateObjectMapping: 0.236400 ms MarkObjects: 7.583200 ms  DeleteObjects: 0.138800 ms)

========================================================================
Received Prepare
Registering precompiled user dll's ...
Registered in 0.002887 seconds.
Begin MonoManager ReloadAssembly
Native extension for WindowsStandalone target not found
Native extension for WebGL target not found
Refreshing native plugins compatible for Editor in 0.84 ms, found 0 plugins.
Preloading 0 native plugins for Editor in 0.00 ms.
Invoked RoslynAnalysisRunner static constructor.
RoslynAnalysisRunner will not be running.
RoslynAnalysisRunner has terminated.
Mono: successfully reloaded assembly
- Completed reload, in  1.385 seconds
Platform modules already initialized, skipping
Shader 'Universal Render Pipeline/Particles/Lit': fallback shader 'Universal Render Pipeline/Particles/SimpleLit' not found
Refreshing native plugins compatible for Editor in 0.74 ms, found 0 plugins.
Preloading 0 native plugins for Editor in 0.00 ms.
Unloading 2393 Unused Serialized files (Serialized files now loaded: 0)
System memory in use before: 117.8 MB.
System memory in use after: 118.0 MB.

Unloading 7 unused Assets to reduce memory usage. Loaded Objects now: 3034.
Total: 6.275000 ms (FindLiveObjects: 0.570100 ms CreateObjectMapping: 0.934900 ms MarkObjects: 4.627600 ms  DeleteObjects: 0.139600 ms)

========================================================================
Received Import Request.
  Time since last request: 195.566324 seconds.
  path: Assets/Scripts/SceneManager.cs
  artifactKey: Guid(e6b2fbd4f7f9fa44389dc47e267d0634) Importer(815301076,1909f56bfc062723c751e8b465ee728b)
Start importing Assets/Scripts/SceneManager.cs using Guid(e6b2fbd4f7f9fa44389dc47e267d0634) Importer(815301076,1909f56bfc062723c751e8b465ee728b)  -> (artifact id: 'fe2da2936f7f472c94781131072d5838') in 0.016088 seconds
  Import took 0.021727 seconds .

========================================================================
Received Import Request.
  Time since last request: 18.311292 seconds.
  path: Assets/Scripts/SceneManagement.cs
  artifactKey: Guid(e6b2fbd4f7f9fa44389dc47e267d0634) Importer(815301076,1909f56bfc062723c751e8b465ee728b)
Start importing Assets/Scripts/SceneManagement.cs using Guid(e6b2fbd4f7f9fa44389dc47e267d0634) Importer(815301076,1909f56bfc062723c751e8b465ee728b)  -> (artifact id: 'dec2b633327f1b6ac6ac2b0b431d67bd') in 0.101395 seconds
  Import took 0.149438 seconds .

========================================================================
Received Prepare
Registering precompiled user dll's ...
Registered in 0.003567 seconds.
Begin MonoManager ReloadAssembly
Native extension for WindowsStandalone target not found
Native extension for WebGL target not found
Refreshing native plugins compatible for Editor in 1.25 ms, found 0 plugins.
Preloading 0 native plugins for Editor in 0.00 ms.
Invoked RoslynAnalysisRunner static constructor.
RoslynAnalysisRunner will not be running.
RoslynAnalysisRunner has terminated.
Mono: successfully reloaded assembly
- Completed reload, in  2.239 seconds
Platform modules already initialized, skipping
Shader 'Universal Render Pipeline/Particles/Lit': fallback shader 'Universal Render Pipeline/Particles/SimpleLit' not found
Refreshing native plugins compatible for Editor in 0.80 ms, found 0 plugins.
Preloading 0 native plugins for Editor in 0.00 ms.
Unloading 2393 Unused Serialized files (Serialized files now loaded: 0)
System memory in use before: 117.8 MB.
System memory in use after: 118.0 MB.

Unloading 7 unused Assets to reduce memory usage. Loaded Objects now: 3036.
Total: 7.761000 ms (FindLiveObjects: 0.549600 ms CreateObjectMapping: 0.254000 ms MarkObjects: 6.693000 ms  DeleteObjects: 0.262100 ms)

========================================================================
Received Prepare
Registering precompiled user dll's ...
Registered in 0.003867 seconds.
Begin MonoManager ReloadAssembly
Native extension for WindowsStandalone target not found
Native extension for WebGL target not found
Refreshing native plugins compatible for Editor in 0.65 ms, found 0 plugins.
Preloading 0 native plugins for Editor in 0.00 ms.
Invoked RoslynAnalysisRunner static constructor.
RoslynAnalysisRunner will not be running.
RoslynAnalysisRunner has terminated.
Mono: successfully reloaded assembly
- Completed reload, in  2.550 seconds
Platform modules already initialized, skipping
Shader 'Universal Render Pipeline/Particles/Lit': fallback shader 'Universal Render Pipeline/Particles/SimpleLit' not found
Refreshing native plugins compatible for Editor in 0.53 ms, found 0 plugins.
Preloading 0 native plugins for Editor in 0.00 ms.
Unloading 2393 Unused Serialized files (Serialized files now loaded: 0)
System memory in use before: 117.8 MB.
System memory in use after: 118.0 MB.

Unloading 7 unused Assets to reduce memory usage. Loaded Objects now: 3038.
Total: 5.068400 ms (FindLiveObjects: 0.726300 ms CreateObjectMapping: 0.876800 ms MarkObjects: 3.333000 ms  DeleteObjects: 0.129900 ms)

========================================================================
Received Prepare
Registering precompiled user dll's ...
Registered in 0.003771 seconds.
Begin MonoManager ReloadAssembly
Native extension for WindowsStandalone target not found
Native extension for WebGL target not found
Refreshing native plugins compatible for Editor in 0.52 ms, found 0 plugins.
Preloading 0 native plugins for Editor in 0.00 ms.
Invoked RoslynAnalysisRunner static constructor.
RoslynAnalysisRunner will not be running.
RoslynAnalysisRunner has terminated.
Mono: successfully reloaded assembly
- Completed reload, in  1.506 seconds
Platform modules already initialized, skipping
Shader 'Universal Render Pipeline/Particles/Lit': fallback shader 'Universal Render Pipeline/Particles/SimpleLit' not found
Refreshing native plugins compatible for Editor in 0.54 ms, found 0 plugins.
Preloading 0 native plugins for Editor in 0.00 ms.
Unloading 2393 Unused Serialized files (Serialized files now loaded: 0)
System memory in use before: 117.8 MB.
System memory in use after: 117.9 MB.

Unloading 7 unused Assets to reduce memory usage. Loaded Objects now: 3040.
Total: 10.851000 ms (FindLiveObjects: 0.660200 ms CreateObjectMapping: 0.317800 ms MarkObjects: 9.718900 ms  DeleteObjects: 0.151200 ms)

========================================================================
Received Import Request.
  Time since last request: 353.952469 seconds.
  path: Assets/Fonts/BalsamiqSans-Regular SDF.asset
  artifactKey: Guid(02b202aa00c653e418c1133ced07270e) Importer(815301076,1909f56bfc062723c751e8b465ee728b)
Start importing Assets/Fonts/BalsamiqSans-Regular SDF.asset using Guid(02b202aa00c653e418c1133ced07270e) Importer(815301076,1909f56bfc062723c751e8b465ee728b)  -> (artifact id: 'cc13ff074a0bac0cfa3df0c4882c273a') in 0.932353 seconds
  Import took 0.943865 seconds .

========================================================================
Received Prepare
Registering precompiled user dll's ...
Registered in 0.003019 seconds.
Begin MonoManager ReloadAssembly
Native extension for WindowsStandalone target not found
Native extension for WebGL target not found
Refreshing native plugins compatible for Editor in 0.55 ms, found 0 plugins.
Preloading 0 native plugins for Editor in 0.00 ms.
Invoked RoslynAnalysisRunner static constructor.
RoslynAnalysisRunner will not be running.
RoslynAnalysisRunner has terminated.
Mono: successfully reloaded assembly
- Completed reload, in  1.639 seconds
Platform modules already initialized, skipping
Shader 'Universal Render Pipeline/Particles/Lit': fallback shader 'Universal Render Pipeline/Particles/SimpleLit' not found
Refreshing native plugins compatible for Editor in 0.92 ms, found 0 plugins.
Preloading 0 native plugins for Editor in 0.00 ms.
Unloading 2393 Unused Serialized files (Serialized files now loaded: 0)
System memory in use before: 120.3 MB.
System memory in use after: 120.5 MB.

Unloading 7 unused Assets to reduce memory usage. Loaded Objects now: 3116.
Total: 6.330100 ms (FindLiveObjects: 0.596600 ms CreateObjectMapping: 0.284600 ms MarkObjects: 5.178100 ms  DeleteObjects: 0.268600 ms)

========================================================================
Received Import Request.
  Time since last request: 36.637799 seconds.
  path: Assets/Animations
  artifactKey: Guid(9e442bc84c0b8b449b7877cb97a58a45) Importer(815301076,1909f56bfc062723c751e8b465ee728b)
Start importing Assets/Animations using Guid(9e442bc84c0b8b449b7877cb97a58a45) Importer(815301076,1909f56bfc062723c751e8b465ee728b)  -> (artifact id: '05aad94c54f063b498d45eacab260840') in 0.014028 seconds
  Import took 0.024182 seconds .

========================================================================
Received Import Request.
  Time since last request: 16.353839 seconds.
  path: Assets/Music/Music Fade In.anim
  artifactKey: Guid(27a17dba9a2d5084c8039df96d9764b3) Importer(815301076,1909f56bfc062723c751e8b465ee728b)
Start importing Assets/Music/Music Fade In.anim using Guid(27a17dba9a2d5084c8039df96d9764b3) Importer(815301076,1909f56bfc062723c751e8b465ee728b)  -> (artifact id: 'ceab5e477766306a4b882452bb809428') in 0.189212 seconds
  Import took 0.199649 seconds .

========================================================================
Received Import Request.
  Time since last request: 0.966765 seconds.
  path: Assets/Music/Music Fade Out.anim
  artifactKey: Guid(7a2a3e8b9c3bec64d9152e7b3dbe1822) Importer(815301076,1909f56bfc062723c751e8b465ee728b)
Start importing Assets/Music/Music Fade Out.anim using Guid(7a2a3e8b9c3bec64d9152e7b3dbe1822) Importer(815301076,1909f56bfc062723c751e8b465ee728b)  -> (artifact id: '8f743ba2aaeaa1d2ac6fa9523b4cc577') in 0.030682 seconds
  Import took 0.037433 seconds .

========================================================================
Received Import Request.
  Time since last request: 17.727521 seconds.
  path: Assets/Animations/Sound Fade In.anim
  artifactKey: Guid(f827d029627ecdc46a010db6e5a6c592) Importer(815301076,1909f56bfc062723c751e8b465ee728b)
Start importing Assets/Animations/Sound Fade In.anim using Guid(f827d029627ecdc46a010db6e5a6c592) Importer(815301076,1909f56bfc062723c751e8b465ee728b)  -> (artifact id: '1f629594a947fee652a7e9da7cb98204') in 0.346347 seconds
  Import took 0.360257 seconds .

========================================================================
Received Import Request.
  Time since last request: 1.403072 seconds.
  path: Assets/Animations/Sound Fade Out.anim
  artifactKey: Guid(89fffb15ce5d8044a86e97b9ebc45144) Importer(815301076,1909f56bfc062723c751e8b465ee728b)
Start importing Assets/Animations/Sound Fade Out.anim using Guid(89fffb15ce5d8044a86e97b9ebc45144) Importer(815301076,1909f56bfc062723c751e8b465ee728b)  -> (artifact id: '60959edf4fd24f4ebec3714fffe10814') in 0.152676 seconds
  Import took 0.429983 seconds .

========================================================================
Received Prepare
Registering precompiled user dll's ...
Registered in 0.004087 seconds.
Begin MonoManager ReloadAssembly
Native extension for WindowsStandalone target not found
Native extension for WebGL target not found
Refreshing native plugins compatible for Editor in 2.30 ms, found 0 plugins.
Preloading 0 native plugins for Editor in 0.00 ms.
Invoked RoslynAnalysisRunner static constructor.
RoslynAnalysisRunner will not be running.
RoslynAnalysisRunner has terminated.
Mono: successfully reloaded assembly
- Completed reload, in  1.770 seconds
Platform modules already initialized, skipping
Shader 'Universal Render Pipeline/Particles/Lit': fallback shader 'Universal Render Pipeline/Particles/SimpleLit' not found
Refreshing native plugins compatible for Editor in 0.85 ms, found 0 plugins.
Preloading 0 native plugins for Editor in 0.00 ms.
Unloading 2393 Unused Serialized files (Serialized files now loaded: 0)
System memory in use before: 120.3 MB.
System memory in use after: 120.5 MB.

Unloading 7 unused Assets to reduce memory usage. Loaded Objects now: 3118.
Total: 6.485500 ms (FindLiveObjects: 0.555900 ms CreateObjectMapping: 0.264500 ms MarkObjects: 5.539400 ms  DeleteObjects: 0.123600 ms)

========================================================================
Received Prepare
Registering precompiled user dll's ...
Registered in 0.005619 seconds.
Begin MonoManager ReloadAssembly
Native extension for WindowsStandalone target not found
Native extension for WebGL target not found
Refreshing native plugins compatible for Editor in 0.56 ms, found 0 plugins.
Preloading 0 native plugins for Editor in 0.00 ms.
Invoked RoslynAnalysisRunner static constructor.
RoslynAnalysisRunner will not be running.
RoslynAnalysisRunner has terminated.
Mono: successfully reloaded assembly
- Completed reload, in  1.664 seconds
Platform modules already initialized, skipping
Shader 'Universal Render Pipeline/Particles/Lit': fallback shader 'Universal Render Pipeline/Particles/SimpleLit' not found
Refreshing native plugins compatible for Editor in 0.82 ms, found 0 plugins.
Preloading 0 native plugins for Editor in 0.00 ms.
Unloading 2393 Unused Serialized files (Serialized files now loaded: 0)
System memory in use before: 120.4 MB.
System memory in use after: 120.5 MB.

Unloading 7 unused Assets to reduce memory usage. Loaded Objects now: 3120.
Total: 5.054100 ms (FindLiveObjects: 0.592000 ms CreateObjectMapping: 0.287100 ms MarkObjects: 4.036500 ms  DeleteObjects: 0.136300 ms)

========================================================================
Received Prepare
Registering precompiled user dll's ...
Registered in 0.002127 seconds.
Begin MonoManager ReloadAssembly
Native extension for WindowsStandalone target not found
Native extension for WebGL target not found
Refreshing native plugins compatible for Editor in 0.66 ms, found 0 plugins.
Preloading 0 native plugins for Editor in 0.00 ms.
Invoked RoslynAnalysisRunner static constructor.
RoslynAnalysisRunner will not be running.
RoslynAnalysisRunner has terminated.
Mono: successfully reloaded assembly
- Completed reload, in  1.591 seconds
Platform modules already initialized, skipping
Shader 'Universal Render Pipeline/Particles/Lit': fallback shader 'Universal Render Pipeline/Particles/SimpleLit' not found
Refreshing native plugins compatible for Editor in 0.52 ms, found 0 plugins.
Preloading 0 native plugins for Editor in 0.00 ms.
Unloading 2393 Unused Serialized files (Serialized files now loaded: 0)
System memory in use before: 120.4 MB.
System memory in use after: 120.6 MB.

Unloading 7 unused Assets to reduce memory usage. Loaded Objects now: 3122.
Total: 6.340800 ms (FindLiveObjects: 0.801000 ms CreateObjectMapping: 0.670400 ms MarkObjects: 4.733600 ms  DeleteObjects: 0.133900 ms)

========================================================================
Received Prepare
Registering precompiled user dll's ...
Registered in 0.003733 seconds.
Begin MonoManager ReloadAssembly
Native extension for WindowsStandalone target not found
Native extension for WebGL target not found
Refreshing native plugins compatible for Editor in 0.61 ms, found 0 plugins.
Preloading 0 native plugins for Editor in 0.00 ms.
Invoked RoslynAnalysisRunner static constructor.
RoslynAnalysisRunner will not be running.
RoslynAnalysisRunner has terminated.
Mono: successfully reloaded assembly
- Completed reload, in  1.957 seconds
Platform modules already initialized, skipping
Shader 'Universal Render Pipeline/Particles/Lit': fallback shader 'Universal Render Pipeline/Particles/SimpleLit' not found
Refreshing native plugins compatible for Editor in 0.52 ms, found 0 plugins.
Preloading 0 native plugins for Editor in 0.00 ms.
Unloading 2393 Unused Serialized files (Serialized files now loaded: 0)
System memory in use before: 120.3 MB.
System memory in use after: 120.5 MB.

Unloading 7 unused Assets to reduce memory usage. Loaded Objects now: 3124.
Total: 12.559900 ms (FindLiveObjects: 0.581800 ms CreateObjectMapping: 0.933200 ms MarkObjects: 10.773100 ms  DeleteObjects: 0.269700 ms)

========================================================================
Received Import Request.
  Time since last request: 355.022356 seconds.
  path: Assets/Scenes/StartScene.unity
  artifactKey: Guid(fb7bc08ff5be8124ca0b4034a7e2d33a) Importer(815301076,1909f56bfc062723c751e8b465ee728b)
Start importing Assets/Scenes/StartScene.unity using Guid(fb7bc08ff5be8124ca0b4034a7e2d33a) Importer(815301076,1909f56bfc062723c751e8b465ee728b)  -> (artifact id: 'c8cc27b1ee40a6053f72d85e62ebc2e9') in 0.149850 seconds
  Import took 0.157879 seconds .

========================================================================
Received Import Request.
  Time since last request: 2.330646 seconds.
  path: Assets/Scenes/SampleScene.unity
  artifactKey: Guid(9fc0d4010bbf28b4594072e72b8655ab) Importer(815301076,1909f56bfc062723c751e8b465ee728b)
Start importing Assets/Scenes/SampleScene.unity using Guid(9fc0d4010bbf28b4594072e72b8655ab) Importer(815301076,1909f56bfc062723c751e8b465ee728b)  -> (artifact id: '7a6565bbfa5bfae6e8a227fb656b204f') in 0.041163 seconds
  Import took 0.058121 seconds .

========================================================================
Received Import Request.
  Time since last request: 412.397393 seconds.
  path: Assets/Animations/MainGame_Panel.controller
  artifactKey: Guid(c6eff5535ffdca0429f6fc39d962ed2e) Importer(815301076,1909f56bfc062723c751e8b465ee728b)
Start importing Assets/Animations/MainGame_Panel.controller using Guid(c6eff5535ffdca0429f6fc39d962ed2e) Importer(815301076,1909f56bfc062723c751e8b465ee728b)  -> (artifact id: 'd8b52c74afbe82ee2366b341ce24d1e5') in 0.046565 seconds
  Import took 0.062856 seconds .

========================================================================
Received Prepare
Registering precompiled user dll's ...
Registered in 0.002194 seconds.
Begin MonoManager ReloadAssembly
Native extension for WindowsStandalone target not found
Native extension for WebGL target not found
Refreshing native plugins compatible for Editor in 0.91 ms, found 0 plugins.
Preloading 0 native plugins for Editor in 0.00 ms.
Invoked RoslynAnalysisRunner static constructor.
RoslynAnalysisRunner will not be running.
RoslynAnalysisRunner has terminated.
Mono: successfully reloaded assembly
- Completed reload, in  1.627 seconds
Platform modules already initialized, skipping
Shader 'Universal Render Pipeline/Particles/Lit': fallback shader 'Universal Render Pipeline/Particles/SimpleLit' not found
Refreshing native plugins compatible for Editor in 0.54 ms, found 0 plugins.
Preloading 0 native plugins for Editor in 0.00 ms.
Unloading 2393 Unused Serialized files (Serialized files now loaded: 0)
System memory in use before: 120.4 MB.
System memory in use after: 120.6 MB.

Unloading 7 unused Assets to reduce memory usage. Loaded Objects now: 3126.
Total: 5.248800 ms (FindLiveObjects: 0.862900 ms CreateObjectMapping: 0.338000 ms MarkObjects: 3.905700 ms  DeleteObjects: 0.140100 ms)

========================================================================
Received Prepare
Registering precompiled user dll's ...
Registered in 0.003943 seconds.
Begin MonoManager ReloadAssembly
Native extension for WindowsStandalone target not found
Native extension for WebGL target not found
Refreshing native plugins compatible for Editor in 0.60 ms, found 0 plugins.
Preloading 0 native plugins for Editor in 0.00 ms.
Invoked RoslynAnalysisRunner static constructor.
RoslynAnalysisRunner will not be running.
RoslynAnalysisRunner has terminated.
Mono: successfully reloaded assembly
- Completed reload, in  2.147 seconds
Platform modules already initialized, skipping
Shader 'Universal Render Pipeline/Particles/Lit': fallback shader 'Universal Render Pipeline/Particles/SimpleLit' not found
Refreshing native plugins compatible for Editor in 0.86 ms, found 0 plugins.
Preloading 0 native plugins for Editor in 0.00 ms.
Unloading 2393 Unused Serialized files (Serialized files now loaded: 0)
System memory in use before: 120.4 MB.
System memory in use after: 120.6 MB.

Unloading 7 unused Assets to reduce memory usage. Loaded Objects now: 3128.
Total: 5.077500 ms (FindLiveObjects: 0.579100 ms CreateObjectMapping: 0.259200 ms MarkObjects: 4.097200 ms  DeleteObjects: 0.139400 ms)

========================================================================
Received Import Request.
  Time since last request: 155.085947 seconds.
  path: Assets/Scenes/SampleScene.unity
  artifactKey: Guid(9fc0d4010bbf28b4594072e72b8655ab) Importer(815301076,1909f56bfc062723c751e8b465ee728b)
Start importing Assets/Scenes/SampleScene.unity using Guid(9fc0d4010bbf28b4594072e72b8655ab) Importer(815301076,1909f56bfc062723c751e8b465ee728b)  -> (artifact id: 'a18d7abd58243f9d228d1110e230adb6') in 0.112531 seconds
  Import took 0.123587 seconds .

========================================================================
Received Import Request.
  Time since last request: 98.069926 seconds.
  path: Assets/Animations/MainGame_Start.anim
  artifactKey: Guid(23b311098f50a8948b163f5ebbeec513) Importer(815301076,1909f56bfc062723c751e8b465ee728b)
Start importing Assets/Animations/MainGame_Start.anim using Guid(23b311098f50a8948b163f5ebbeec513) Importer(815301076,1909f56bfc062723c751e8b465ee728b)  -> (artifact id: 'af2ee3b1c64b0670477dd4dfda518d42') in 0.209904 seconds
  Import took 0.224098 seconds .

========================================================================
Received Import Request.
  Time since last request: 6.983293 seconds.
  path: Assets/Animations/Music Fade In.anim
  artifactKey: Guid(27a17dba9a2d5084c8039df96d9764b3) Importer(815301076,1909f56bfc062723c751e8b465ee728b)
Start importing Assets/Animations/Music Fade In.anim using Guid(27a17dba9a2d5084c8039df96d9764b3) Importer(815301076,1909f56bfc062723c751e8b465ee728b)  -> (artifact id: 'fc0dcd7fb3fc3e9af2189c7220ddc03a') in 0.163099 seconds
  Import took 0.170076 seconds .

========================================================================
Received Import Request.
  Time since last request: 104.075377 seconds.
  path: Assets/Animations/MainGame_Idle.anim
  artifactKey: Guid(89802315acd293843a929a505415847c) Importer(815301076,1909f56bfc062723c751e8b465ee728b)
Start importing Assets/Animations/MainGame_Idle.anim using Guid(89802315acd293843a929a505415847c) Importer(815301076,1909f56bfc062723c751e8b465ee728b)  -> (artifact id: '9cb11a3797e925a1c07066a475ab8f84') in 0.096052 seconds
  Import took 0.171276 seconds .

========================================================================
Received Prepare
Registering precompiled user dll's ...
Registered in 0.011277 seconds.
Begin MonoManager ReloadAssembly
Native extension for WindowsStandalone target not found
Native extension for WebGL target not found
Refreshing native plugins compatible for Editor in 0.95 ms, found 0 plugins.
Preloading 0 native plugins for Editor in 0.00 ms.
Invoked RoslynAnalysisRunner static constructor.
RoslynAnalysisRunner will not be running.
RoslynAnalysisRunner has terminated.
Mono: successfully reloaded assembly
- Completed reload, in  1.866 seconds
Platform modules already initialized, skipping
Shader 'Universal Render Pipeline/Particles/Lit': fallback shader 'Universal Render Pipeline/Particles/SimpleLit' not found
Refreshing native plugins compatible for Editor in 0.53 ms, found 0 plugins.
Preloading 0 native plugins for Editor in 0.00 ms.
Unloading 2393 Unused Serialized files (Serialized files now loaded: 0)
System memory in use before: 120.4 MB.
System memory in use after: 120.6 MB.

Unloading 7 unused Assets to reduce memory usage. Loaded Objects now: 3130.
Total: 6.163100 ms (FindLiveObjects: 0.585600 ms CreateObjectMapping: 0.314200 ms MarkObjects: 5.143600 ms  DeleteObjects: 0.117300 ms)

========================================================================
Received Import Request.
  Time since last request: 103.495092 seconds.
  path: Assets/Animations/MainGame_Panel.controller
  artifactKey: Guid(c6eff5535ffdca0429f6fc39d962ed2e) Importer(815301076,1909f56bfc062723c751e8b465ee728b)
Start importing Assets/Animations/MainGame_Panel.controller using Guid(c6eff5535ffdca0429f6fc39d962ed2e) Importer(815301076,1909f56bfc062723c751e8b465ee728b)  -> (artifact id: '53d742b8445e1d08de3268ae3404940c') in 0.065406 seconds
  Import took 0.075309 seconds .

========================================================================
Received Import Request.
  Time since last request: 22.422995 seconds.
  path: Assets/Animations/MainGame_Star.anim
  artifactKey: Guid(bedd421f0a0eeb8488e6f4165a366b95) Importer(815301076,1909f56bfc062723c751e8b465ee728b)
Start importing Assets/Animations/MainGame_Star.anim using Guid(bedd421f0a0eeb8488e6f4165a366b95) Importer(815301076,1909f56bfc062723c751e8b465ee728b)  -> (artifact id: '74bc8a0442338f96a6da9766b0dd8080') in 0.157039 seconds
  Import took 0.165940 seconds .

========================================================================
Received Prepare
Registering precompiled user dll's ...
Registered in 0.004089 seconds.
Begin MonoManager ReloadAssembly
Native extension for WindowsStandalone target not found
Native extension for WebGL target not found
Refreshing native plugins compatible for Editor in 0.99 ms, found 0 plugins.
Preloading 0 native plugins for Editor in 0.00 ms.
Invoked RoslynAnalysisRunner static constructor.
RoslynAnalysisRunner will not be running.
RoslynAnalysisRunner has terminated.
Mono: successfully reloaded assembly
- Completed reload, in  2.081 seconds
Platform modules already initialized, skipping
Shader 'Universal Render Pipeline/Particles/Lit': fallback shader 'Universal Render Pipeline/Particles/SimpleLit' not found
Refreshing native plugins compatible for Editor in 0.82 ms, found 0 plugins.
Preloading 0 native plugins for Editor in 0.00 ms.
Unloading 2393 Unused Serialized files (Serialized files now loaded: 0)
System memory in use before: 120.4 MB.
System memory in use after: 120.6 MB.

Unloading 7 unused Assets to reduce memory usage. Loaded Objects now: 3132.
Total: 4.971500 ms (FindLiveObjects: 0.593400 ms CreateObjectMapping: 0.209100 ms MarkObjects: 4.054000 ms  DeleteObjects: 0.112900 ms)

========================================================================
Received Prepare
Registering precompiled user dll's ...
Registered in 0.002467 seconds.
Begin MonoManager ReloadAssembly
Native extension for WindowsStandalone target not found
Native extension for WebGL target not found
Refreshing native plugins compatible for Editor in 0.77 ms, found 0 plugins.
Preloading 0 native plugins for Editor in 0.00 ms.
Invoked RoslynAnalysisRunner static constructor.
RoslynAnalysisRunner will not be running.
RoslynAnalysisRunner has terminated.
Mono: successfully reloaded assembly
- Completed reload, in  2.023 seconds
Platform modules already initialized, skipping
Shader 'Universal Render Pipeline/Particles/Lit': fallback shader 'Universal Render Pipeline/Particles/SimpleLit' not found
Refreshing native plugins compatible for Editor in 0.83 ms, found 0 plugins.
Preloading 0 native plugins for Editor in 0.00 ms.
Unloading 2393 Unused Serialized files (Serialized files now loaded: 0)
System memory in use before: 120.3 MB.
System memory in use after: 120.5 MB.

Unloading 7 unused Assets to reduce memory usage. Loaded Objects now: 3134.
Total: 4.877300 ms (FindLiveObjects: 0.575300 ms CreateObjectMapping: 0.240300 ms MarkObjects: 3.926000 ms  DeleteObjects: 0.131500 ms)

========================================================================
Received Prepare
Registering precompiled user dll's ...
Registered in 0.004318 seconds.
Begin MonoManager ReloadAssembly
Native extension for WindowsStandalone target not found
Native extension for WebGL target not found
Refreshing native plugins compatible for Editor in 0.60 ms, found 0 plugins.
Preloading 0 native plugins for Editor in 0.00 ms.
Invoked RoslynAnalysisRunner static constructor.
RoslynAnalysisRunner will not be running.
RoslynAnalysisRunner has terminated.
Mono: successfully reloaded assembly
- Completed reload, in  1.625 seconds
Platform modules already initialized, skipping
Shader 'Universal Render Pipeline/Particles/Lit': fallback shader 'Universal Render Pipeline/Particles/SimpleLit' not found
Refreshing native plugins compatible for Editor in 0.81 ms, found 0 plugins.
Preloading 0 native plugins for Editor in 0.00 ms.
Unloading 2393 Unused Serialized files (Serialized files now loaded: 0)
System memory in use before: 120.4 MB.
System memory in use after: 120.6 MB.

Unloading 7 unused Assets to reduce memory usage. Loaded Objects now: 3136.
Total: 4.457900 ms (FindLiveObjects: 0.478800 ms CreateObjectMapping: 0.239800 ms MarkObjects: 3.568000 ms  DeleteObjects: 0.169300 ms)

========================================================================
Received Import Request.
  Time since last request: 150.954842 seconds.
  path: Assets/Scenes/StartScene.unity
  artifactKey: Guid(fb7bc08ff5be8124ca0b4034a7e2d33a) Importer(815301076,1909f56bfc062723c751e8b465ee728b)
Start importing Assets/Scenes/StartScene.unity using Guid(fb7bc08ff5be8124ca0b4034a7e2d33a) Importer(815301076,1909f56bfc062723c751e8b465ee728b)  -> (artifact id: 'bad926341efc1152d7440593c8559b59') in 0.040459 seconds
  Import took 0.057615 seconds .

========================================================================
Received Import Request.
  Time since last request: 5.543649 seconds.
  path: Assets/Scenes/SampleScene.unity
  artifactKey: Guid(9fc0d4010bbf28b4594072e72b8655ab) Importer(815301076,1909f56bfc062723c751e8b465ee728b)
Start importing Assets/Scenes/SampleScene.unity using Guid(9fc0d4010bbf28b4594072e72b8655ab) Importer(815301076,1909f56bfc062723c751e8b465ee728b)  -> (artifact id: '3b9b96081539de13a68674598c085ee1') in 0.166794 seconds
  Import took 0.175340 seconds .

========================================================================
Received Prepare
Registering precompiled user dll's ...
Registered in 0.002344 seconds.
Begin MonoManager ReloadAssembly
Native extension for WindowsStandalone target not found
Native extension for WebGL target not found
Refreshing native plugins compatible for Editor in 0.53 ms, found 0 plugins.
Preloading 0 native plugins for Editor in 0.00 ms.
Invoked RoslynAnalysisRunner static constructor.
RoslynAnalysisRunner will not be running.
RoslynAnalysisRunner has terminated.
Mono: successfully reloaded assembly
- Completed reload, in  1.848 seconds
Platform modules already initialized, skipping
Shader 'Universal Render Pipeline/Particles/Lit': fallback shader 'Universal Render Pipeline/Particles/SimpleLit' not found
Refreshing native plugins compatible for Editor in 0.56 ms, found 0 plugins.
Preloading 0 native plugins for Editor in 0.00 ms.
Unloading 2393 Unused Serialized files (Serialized files now loaded: 0)
System memory in use before: 120.4 MB.
System memory in use after: 120.6 MB.

Unloading 7 unused Assets to reduce memory usage. Loaded Objects now: 3138.
Total: 4.033000 ms (FindLiveObjects: 0.603700 ms CreateObjectMapping: 0.348000 ms MarkObjects: 2.944100 ms  DeleteObjects: 0.135400 ms)

