Using pre-set license
Built from '2020.2/staging' branch; Version is '2020.2.6f1 (8a2143876886) revision 9052483'; Using compiler version '192528614'; Build Type 'Release'
OS: 'Windows 10 Home; OS build 19043.1237; Version 2009; 64bit' Language: 'en' Physical Memory: 7913 MB
BatchMode: 1, IsHumanControllingUs: 0, StartBugReporterOnCrash: 0, Is64bit: 1, IsPro: 0

 COMMAND LINE ARGUMENTS:
C:\Program Files\Unity\Hub\Editor\2020.2.6f1\Editor\Unity.exe
-adb2
-batchMode
-noUpm
-name
AssetImportWorker0
-projectPath
C:/Users/colem/OneDrive/Documents/CSC2034/SenryuGame/Senryu
-logFile
Logs/AssetImportWorker0.log
-srvPort
53424
Successfully changed project path to: C:/Users/colem/OneDrive/Documents/CSC2034/SenryuGame/Senryu
C:/Users/colem/OneDrive/Documents/CSC2034/SenryuGame/Senryu
Using Asset Import Pipeline V2.
Refreshing native plugins compatible for Editor in 171.52 ms, found 0 plugins.
Preloading 0 native plugins for Editor in 0.00 ms.
Initialize engine version: 2020.2.6f1 (8a2143876886)
[Subsystems] Discovering subsystems at path C:/Program Files/Unity/Hub/Editor/2020.2.6f1/Editor/Data/Resources/UnitySubsystems
[Subsystems] Discovering subsystems at path C:/Users/colem/OneDrive/Documents/CSC2034/SenryuGame/Senryu/Assets
GfxDevice: creating device client; threaded=0
Direct3D:
    Version:  Direct3D 11.0 [level 11.1]
    Renderer: Intel(R) HD Graphics 620 (ID=0x5916)
    Vendor:   
    VRAM:     3956 MB
    Driver:   27.20.100.8681
Shader 'Universal Render Pipeline/Particles/Lit': fallback shader 'Universal Render Pipeline/Particles/SimpleLit' not found
Initialize mono
Mono path[0] = 'C:/Program Files/Unity/Hub/Editor/2020.2.6f1/Editor/Data/Managed'
Mono path[1] = 'C:/Program Files/Unity/Hub/Editor/2020.2.6f1/Editor/Data/MonoBleedingEdge/lib/mono/unityjit'
Mono config path = 'C:/Program Files/Unity/Hub/Editor/2020.2.6f1/Editor/Data/MonoBleedingEdge/etc'
Using monoOptions --debugger-agent=transport=dt_socket,embedding=1,server=y,suspend=n,address=127.0.0.1:56484
Begin MonoManager ReloadAssembly
Registering precompiled unity dll's ...
Register platform support module: C:/Program Files/Unity/Hub/Editor/2020.2.6f1/Editor/Data/PlaybackEngines/WebGLSupport/UnityEditor.WebGL.Extensions.dll
Register platform support module: C:/Program Files/Unity/Hub/Editor/2020.2.6f1/Editor/Data/PlaybackEngines/WindowsStandaloneSupport/UnityEditor.WindowsStandalone.Extensions.dll
Registered in 0.022702 seconds.
Native extension for WindowsStandalone target not found
Native extension for WebGL target not found
Refreshing native plugins compatible for Editor in 82.19 ms, found 0 plugins.
Preloading 0 native plugins for Editor in 0.00 ms.
Invoked RoslynAnalysisRunner static constructor.
RoslynAnalysisRunner will not be running.
RoslynAnalysisRunner has terminated.
Mono: successfully reloaded assembly
- Completed reload, in 10.727 seconds
Platform modules already initialized, skipping
Registering precompiled user dll's ...
Registered in 0.014834 seconds.
Begin MonoManager ReloadAssembly
Native extension for WindowsStandalone target not found
Native extension for WebGL target not found
Refreshing native plugins compatible for Editor in 79.09 ms, found 0 plugins.
Preloading 0 native plugins for Editor in 0.00 ms.
Invoked RoslynAnalysisRunner static constructor.
RoslynAnalysisRunner will not be running.
RoslynAnalysisRunner has terminated.
Mono: successfully reloaded assembly
- Completed reload, in  1.721 seconds
Platform modules already initialized, skipping
========================================================================
Worker process is ready to serve import requests
Shader 'Universal Render Pipeline/Particles/Lit': fallback shader 'Universal Render Pipeline/Particles/SimpleLit' not found
Launched and connected shader compiler UnityShaderCompiler.exe after 0.40 seconds
Refreshing native plugins compatible for Editor in 1.56 ms, found 0 plugins.
Preloading 0 native plugins for Editor in 0.00 ms.
Unloading 2524 Unused Serialized files (Serialized files now loaded: 0)
System memory in use before: 122.0 MB.
System memory in use after: 122.1 MB.

Unloading 12 unused Assets to reduce memory usage. Loaded Objects now: 2967.
Total: 16.120200 ms (FindLiveObjects: 2.164400 ms CreateObjectMapping: 0.946200 ms MarkObjects: 11.561300 ms  DeleteObjects: 1.445000 ms)

========================================================================
Received Import Request.
  path: Assets/Music/yfs_vancouver_night_traffic_penderst_howest_hissing_squeaking_rumbling_roaring_traffic_cars_busses_engines_honking_driving_pedestrians_walking_talking_110 1.mp3
  artifactKey: Guid(032017962af10ee49be01a8225777e84) Importer(815301076,1909f56bfc062723c751e8b465ee728b)
Start importing Assets/Music/yfs_vancouver_night_traffic_penderst_howest_hissing_squeaking_rumbling_roaring_traffic_cars_busses_engines_honking_driving_pedestrians_walking_talking_110 1.mp3 using Guid(032017962af10ee49be01a8225777e84) Importer(815301076,1909f56bfc062723c751e8b465ee728b)  -> (artifact id: '01a0126f576619a712af7c0669d133d1') in 1.432796 seconds
  Import took 1.465028 seconds .

========================================================================
Received Import Request.
  Time since last request: 48.864154 seconds.
  path: Assets/Music/yfs_vancouver_night_traffic_penderst_howest_hissing_squeaking_rumbling_roaring_traffic_cars_busses_engines_honking_driving_pedestrians_walking_talking_110.mp3
  artifactKey: Guid(cb9b69331c0a0ea48bbca2b5c412e5d9) Importer(815301076,1909f56bfc062723c751e8b465ee728b)
Start importing Assets/Music/yfs_vancouver_night_traffic_penderst_howest_hissing_squeaking_rumbling_roaring_traffic_cars_busses_engines_honking_driving_pedestrians_walking_talking_110.mp3 using Guid(cb9b69331c0a0ea48bbca2b5c412e5d9) Importer(815301076,1909f56bfc062723c751e8b465ee728b)  -> (artifact id: '8094255b3bfa20b18622328a724d479c') in 0.263265 seconds
  Import took 0.271784 seconds .

========================================================================
Received Import Request.
  Time since last request: 260.627468 seconds.
  path: Assets/Scenes/SampleScene.unity
  artifactKey: Guid(9fc0d4010bbf28b4594072e72b8655ab) Importer(815301076,1909f56bfc062723c751e8b465ee728b)
Start importing Assets/Scenes/SampleScene.unity using Guid(9fc0d4010bbf28b4594072e72b8655ab) Importer(815301076,1909f56bfc062723c751e8b465ee728b)  -> (artifact id: '1320eadd4eb93a706d1822058eca4db9') in 0.743554 seconds
  Import took 0.755332 seconds .

========================================================================
Received Import Request.
  Time since last request: 0.628295 seconds.
  path: Assets/Scenes/SampleScene.unity
  artifactKey: Guid(9fc0d4010bbf28b4594072e72b8655ab) Importer(815301076,1909f56bfc062723c751e8b465ee728b)
Start importing Assets/Scenes/SampleScene.unity using Guid(9fc0d4010bbf28b4594072e72b8655ab) Importer(815301076,1909f56bfc062723c751e8b465ee728b)  -> (artifact id: '1320eadd4eb93a706d1822058eca4db9') in 0.137550 seconds
  Import took 0.156687 seconds .

========================================================================
Received Prepare
Registering precompiled user dll's ...
Registered in 0.009070 seconds.
Begin MonoManager ReloadAssembly
Native extension for WindowsStandalone target not found
Native extension for WebGL target not found
Refreshing native plugins compatible for Editor in 1.06 ms, found 0 plugins.
Preloading 0 native plugins for Editor in 0.00 ms.
Invoked RoslynAnalysisRunner static constructor.
RoslynAnalysisRunner will not be running.
RoslynAnalysisRunner has terminated.
Mono: successfully reloaded assembly
- Completed reload, in  2.515 seconds
Platform modules already initialized, skipping
Shader 'Universal Render Pipeline/Particles/Lit': fallback shader 'Universal Render Pipeline/Particles/SimpleLit' not found
Refreshing native plugins compatible for Editor in 0.72 ms, found 0 plugins.
Preloading 0 native plugins for Editor in 0.00 ms.
Unloading 2400 Unused Serialized files (Serialized files now loaded: 0)
System memory in use before: 118.0 MB.
System memory in use after: 118.2 MB.

Unloading 7 unused Assets to reduce memory usage. Loaded Objects now: 2978.
Total: 10.015000 ms (FindLiveObjects: 0.987100 ms CreateObjectMapping: 0.692800 ms MarkObjects: 8.190100 ms  DeleteObjects: 0.141800 ms)

========================================================================
Received Import Request.
  Time since last request: 1367.903121 seconds.
  path: Assets/Models/gazebo.obj
  artifactKey: Guid(16ecd3104cca2fb4ea6771c8f9ddcb49) Importer(815301076,1909f56bfc062723c751e8b465ee728b)
Start importing Assets/Models/gazebo.obj using Guid(16ecd3104cca2fb4ea6771c8f9ddcb49) Importer(815301076,1909f56bfc062723c751e8b465ee728b)  -> (artifact id: '16136b28a5ce96c7018129440bbeb503') in 4.371995 seconds
  Import took 5.015547 seconds .

========================================================================
Received Import Request.
  Time since last request: 0.003681 seconds.
  path: Assets/Models/gazeboFloor.obj
  artifactKey: Guid(942826bea1bed384d8788ed7df93f9a7) Importer(815301076,1909f56bfc062723c751e8b465ee728b)
Start importing Assets/Models/gazeboFloor.obj using Guid(942826bea1bed384d8788ed7df93f9a7) Importer(815301076,1909f56bfc062723c751e8b465ee728b)  -> (artifact id: '7e24128b1e03792a591369bf29de20c0') in 0.281538 seconds
  Import took 0.290675 seconds .

========================================================================
Received Import Request.
  Time since last request: 279.619289 seconds.
  path: Assets/Materials/Grass.mat
  artifactKey: Guid(5def2b8d7a4adf74b97f9d75f1c78cd3) Importer(815301076,1909f56bfc062723c751e8b465ee728b)
Start importing Assets/Materials/Grass.mat using Guid(5def2b8d7a4adf74b97f9d75f1c78cd3) Importer(815301076,1909f56bfc062723c751e8b465ee728b)  -> (artifact id: '29467f092277ecf68337208e5c5d8033') in 0.462167 seconds
  Import took 0.524398 seconds .

========================================================================
Received Import Request.
  Time since last request: 1227.005096 seconds.
  path: Assets/Models/thirdScene.obj
  artifactKey: Guid(be5413b408af01b4ab45933aefd9c27d) Importer(815301076,1909f56bfc062723c751e8b465ee728b)
Start importing Assets/Models/thirdScene.obj using Guid(be5413b408af01b4ab45933aefd9c27d) Importer(815301076,1909f56bfc062723c751e8b465ee728b)  -> (artifact id: '8e772a58fa124d285e6c791e259797ce') in 3.227139 seconds
  Import took 3.296769 seconds .

AssetImportWorkerClient::OnTransportError - code=2 error=End of file
